     5	     *CBL XOPTS(COBOL2)
    20	      IDENTIFICATION DIVISION.
    21	      PROGRAM-ID. SM004.
    22
    23	      ENVIRONMENT DIVISION.
    24	      CONFIGURATION SECTION.
    25	      SOURCE-COMPUTER.	  IBM-PC.
    26	      OBJECT-COMPUTER.	  IBM-PC.
    27	      DATA DIVISION.
    28	      FILE SECTION.
    29	      WORKING-STORAGE SECTION.
    75        01  WS-CURRENT-MAP  VALUE 'SM00S'         PIC X(7).
    76	      01  WS-LENGTH				PIC S9(4) COMP.
    77	      01  WS-COMMAREA.
    78		  05 WS-PROG-STATE			PIC X(15).
    79
    80	     *
    81		  COPY SM000.
    83	     * SYMBOLIC MAP of SM000 Created by CACXBMS Version 6.0.27
    84	      01  SM00MI.
    85		  02  FILLER				     PIC X(12).
    86		  02  OPTN01L				     PIC S9(4) COMP.
    87		  02  OPTN01F				     PIC X.
    88		  02  FILLER REDEFINES OPTN01F.
    89		      03  OPTN01A			     PIC X.
    90		  02  OPTN01I				     PIC X(020).
    91		  02  OPTN02L				     PIC S9(4) COMP.
    92		  02  OPTN02F				     PIC X.
    93		  02  FILLER REDEFINES OPTN02F.
    94		      03  OPTN02A			     PIC X.
    95		  02  OPTN02I				     PIC X(020).
    96		  02  OPTN03L				     PIC S9(4) COMP.
    97		  02  OPTN03F				     PIC X.
    98		  02  FILLER REDEFINES OPTN03F.
    99		      03  OPTN03A			     PIC X.
   100		  02  OPTN03I				     PIC X(020).
   101		  02  OPTN04L				     PIC S9(4) COMP.
   102		  02  OPTN04F				     PIC X.
   103		  02  FILLER REDEFINES OPTN04F.
   104		      03  OPTN04A			     PIC X.
   105		  02  OPTN04I				     PIC X(020).
   106		  02  OPTN05L				     PIC S9(4) COMP.
   107		  02  OPTN05F				     PIC X.
   108		  02  FILLER REDEFINES OPTN05F.
   109		      03  OPTN05A			     PIC X.
   110		  02  OPTN05I				     PIC X(020).
   111		  02  OPTN06L				     PIC S9(4) COMP.
   112		  02  OPTN06F				     PIC X.
   113		  02  FILLER REDEFINES OPTN06F.
   114		      03  OPTN06A			     PIC X.
   115		  02  OPTN06I				     PIC X(020).
   116		  02  OPTN07L				     PIC S9(4) COMP.
   117		  02  OPTN07F				     PIC X.
   118		  02  FILLER REDEFINES OPTN07F.
   119		      03  OPTN07A			     PIC X.
   120		  02  OPTN07I				     PIC X(020).
   121		  02  OPTIONL				     PIC S9(4) COMP.
   122		  02  OPTIONF				     PIC X.
   123		  02  FILLER REDEFINES OPTIONF.
   124		      03  OPTIONA			     PIC X.   125		  02  OPTIONI				     PIC X(001).
   126		  02  TICKETL				     PIC S9(4) COMP.
   127		  02  TICKETF				     PIC X.
   128		  02  FILLER REDEFINES TICKETF.
   129		      03  TICKETA			     PIC X.
   130		  02  TICKETI				     PIC X(001).
   131		  02  ERRMSGL				     PIC S9(4) COMP.
   132		  02  ERRMSGF				     PIC X.
   133		  02  FILLER REDEFINES ERRMSGF.
   134		      03  ERRMSGA			     PIC X.
   135		  02  ERRMSGI				     PIC X(071).
   136		  02  DATEL				     PIC S9(4) COMP.
   137		  02  DATEF				     PIC X.
   138		  02  FILLER REDEFINES DATEF.
   139		      03  DATEA 			     PIC X.
   140		  02  DATEI				     PIC X(010).
   141		  02  TIMEL				     PIC S9(4) COMP.
   142		  02  TIMEF				     PIC X.
   143		  02  FILLER REDEFINES TIMEF.
   144		      03  TIMEA 			     PIC X.
   145		  02  TIMEI				     PIC X(008).
   146	      01  SM00MO REDEFINES SM00MI.
   147		  02  FILLER				     PIC X(12).
   148		  02  FILLER				     PIC XX.
   149		  02  FILLER				     PIC X.
   150		  02  OPTN01O				     PIC X(020).
   151		  02  FILLER				     PIC XX.
   152		  02  FILLER				     PIC X.
   153		  02  OPTN02O				     PIC X(020).
   154		  02  FILLER				     PIC XX.
   155		  02  FILLER				     PIC X.
   156		  02  OPTN03O				     PIC X(020).
   157		  02  FILLER				     PIC XX.
   158		  02  FILLER				     PIC X.
   159		  02  OPTN04O				     PIC X(020).
   160		  02  FILLER				     PIC XX.
   161		  02  FILLER				     PIC X.
   162		  02  OPTN05O				     PIC X(020).
   163		  02  FILLER				     PIC XX.
   164		  02  FILLER				     PIC X.
   165		  02  OPTN06O				     PIC X(020).
   166		  02  FILLER				     PIC XX.
   167		  02  FILLER				     PIC X.
   168		  02  OPTN07O				     PIC X(020).
   169		  02  FILLER				     PIC XX.
   170		  02  FILLER				     PIC X.
   171		  02  OPTIONO				     PIC X(001).
   172		  02  FILLER				     PIC XX.
   173		  02  FILLER				     PIC X.
   174		  02  TICKETO				     PIC X(001).
   175		  02  FILLER				     PIC XX.
   176		  02  FILLER				     PIC X.
   177		  02  ERRMSGO				     PIC X(071).
   178		  02  FILLER				     PIC XX.
   179		  02  FILLER				     PIC X.
   180		  02  DATEO				     PIC X(010).
   181		  02  FILLER				     PIC XX.
   182		  02  FILLER				     PIC X.
   183		  02  TIMEO				     PIC X(008).
   184	      01  SM001MI.   185		  02  FILLER				     PIC X(12).
   186		  02  ERRMSG1L				     PIC S9(4) COMP.
   187		  02  ERRMSG1F				     PIC X.
   188		  02  FILLER REDEFINES ERRMSG1F.
   189		      03  ERRMSG1A			     PIC X.
   190		  02  ERRMSG1I				     PIC X(071).
   191		  02  DATE1L				     PIC S9(4) COMP.
   192		  02  DATE1F				     PIC X.
   193		  02  FILLER REDEFINES DATE1F.
   194		      03  DATE1A			     PIC X.
   195		  02  DATE1I				     PIC X(010).
   196		  02  TIME1L				     PIC S9(4) COMP.
   197		  02  TIME1F				     PIC X.
   198		  02  FILLER REDEFINES TIME1F.
   199		      03  TIME1A			     PIC X.
   200		  02  TIME1I				     PIC X(008).
   201		  02  PAGEL				     PIC S9(4) COMP.
   202		  02  PAGEF				     PIC X.
   203		  02  FILLER REDEFINES PAGEF.
   204		      03  PAGEA 			     PIC X.
   205		  02  PAGEI				     PIC X(003).
   206		  02  TODATEL				     PIC S9(4) COMP.
   207		  02  TODATEF				     PIC X.
   208		  02  FILLER REDEFINES TODATEF.
   209		      03  TODATEA			     PIC X.
   210		  02  TODATEI				     PIC X(010).
   211		  02  FRDATEL				     PIC S9(4) COMP.
   212		  02  FRDATEF				     PIC X.
   213		  02  FILLER REDEFINES FRDATEF.
   214		      03  FRDATEA			     PIC X.
   215		  02  FRDATEI				     PIC X(010).
   216		  02  SELECTD OCCURS 011 TIMES.
   217		      03  SELECTL			     PIC S9(4) COMP.
   218		      03  SELECTF			     PIC X.
   219		      03  FILLER REDEFINES SELECTF.
   220			  04  SELECTA			     PIC X.
   221		      03  SELECTI			     PIC X(001).
   222		  02  TIXNUMD OCCURS 011 TIMES.
   223		      03  TIXNUML			     PIC S9(4) COMP.
   224		      03  TIXNUMF			     PIC X.
   225		      03  FILLER REDEFINES TIXNUMF.
   226			  04  TIXNUMA			     PIC X.
   227		      03  TIXNUMI			     PIC X(006).
   228		  02  TIXTITLED OCCURS 011 TIMES.
   229		      03  TIXTITLEL			     PIC S9(4) COMP.
   230		      03  TIXTITLEF			     PIC X.
   231		      03  FILLER REDEFINES TIXTITLEF.
   232			  04  TIXTITLEA 		     PIC X.
   233		      03  TIXTITLEI			     PIC X(025).
   234		  02  STATSD OCCURS 011 TIMES.
   235		      03  STATSL			     PIC S9(4) COMP.
   236		      03  STATSF			     PIC X.
   237		      03  FILLER REDEFINES STATSF.
   238			  04  STATSA			     PIC X.
   239		      03  STATSI			     PIC X(010).
   240		  02  LSTUPDD OCCURS 011 TIMES.
   241		      03  LSTUPDL			     PIC S9(4) COMP.
   242		      03  LSTUPDF			     PIC X.
   243		      03  FILLER REDEFINES LSTUPDF.
   244			  04  LSTUPDA			     PIC X.   245		      03  LSTUPDI			     PIC X(008).
   246		  02  UPDBYD OCCURS 011 TIMES.
   247		      03  UPDBYL			     PIC S9(4) COMP.
   248		      03  UPDBYF			     PIC X.
   249		      03  FILLER REDEFINES UPDBYF.
   250			  04  UPDBYA			     PIC X.
   251		      03  UPDBYI			     PIC X(006).
   252	      01  SM001MO REDEFINES SM001MI.
   253		  02  FILLER				     PIC X(12).
   254		  02  FILLER				     PIC XX.
   255		  02  FILLER				     PIC X.
   256		  02  ERRMSG1O				     PIC X(071).
   257		  02  FILLER				     PIC XX.
   258		  02  FILLER				     PIC X.
   259		  02  DATE1O				     PIC X(010).
   260		  02  FILLER				     PIC XX.
   261		  02  FILLER				     PIC X.
   262		  02  TIME1O				     PIC X(008).
   263		  02  FILLER				     PIC XX.
   264		  02  FILLER				     PIC X.
   265		  02  PAGEO				     PIC X(003).
   266		  02  FILLER				     PIC XX.
   267		  02  FILLER				     PIC X.
   268		  02  TODATEO				     PIC X(010).
   269		  02  FILLER				     PIC XX.
   270		  02  FILLER				     PIC X.
   271		  02  FRDATEO				     PIC X(010).
   272		  02  DFHMS001 OCCURS 011 TIMES.
   273		      03  FILLER			     PIC XX.
   274		      03  FILLER			     PIC X.
   275		      03  SELECTO			     PIC X(001).
   276		  02  DFHMS002 OCCURS 011 TIMES.
   277		      03  FILLER			     PIC XX.
   278		      03  FILLER			     PIC X.
   279		      03  TIXNUMO			     PIC X(006).
   280		  02  DFHMS003 OCCURS 011 TIMES.
   281		      03  FILLER			     PIC XX.
   282		      03  FILLER			     PIC X.
   283		      03  TIXTITLEO			     PIC X(025).
   284		  02  DFHMS004 OCCURS 011 TIMES.
   285		      03  FILLER			     PIC XX.
   286		      03  FILLER			     PIC X.
   287		      03  STATSO			     PIC X(010).
   288		  02  DFHMS005 OCCURS 011 TIMES.
   289		      03  FILLER			     PIC XX.
   290		      03  FILLER			     PIC X.
   291		      03  LSTUPDO			     PIC X(008).
   292		  02  DFHMS006 OCCURS 011 TIMES.
   293		      03  FILLER			     PIC XX.
   294		      03  FILLER			     PIC X.
   295		      03  UPDBYO			     PIC X(006).
   297	     *
   298		  COPY DFHBMSCA.
   300	      01  DFHBMSCA.
   301	     *
   302	     * CA-Realia CICS 6.0 Computer Associates International, Inc.
   303	     *
   304	     * Revision Information
   305	     * ^{File:dfhbmsca.cob}
   306	     * ^{Timestamp:Tue Oct 08 15:34:54 1996}   307	     * ^{Revision:2.0}
   308	     *
   309	     *	Note:This FILE is provided with most values as quoted literals
   310	     *	     so that the file can be used for both ASCII and EBCDIC
   311	     *	     programs
   312	     *
   313	     *	     The only exceptions are some 3270 Data Stream Orders
   314	     *	     They use different Hexadecimal values for ASCII and
   315	     *	     EBCDIC and they cannot be expressed as quoted literals
   316	     *	     as the values are <Line Feed>, <Tab>, <End of File> etc.
   317	     *	     characters in ASCII
   318	     *
   319	     *	     They have their values set up to default to the EBCDIC
   320	     *	     values.
   321	     *
   322	     *	     3270 orders are only needed for EXEC CICS SEND and RECEIVE
   323	     *	     and SEND TEXT with imbedded format orders.
   324	     *	     If you use these values in ASCII programs the values
   325	     *	     must be changed.
   326	     *
   327	     *	     An alternative is to use REPLACING to change the values.
   328	     *
   329	     *	  i.e. COPY DFHBMSCA replacing
   330	     *			    ==005== BY ==009==	*> DFHPT
   331	     *			    ==021== BY ==010==	*> DFHNL
   332	     *			    ==040== BY ==021==	*> DFHSA
   333	     *			    ==041== BY ==031==	*> DFHSFE
   334	     *			    ==044== BY ==023==	*> DFHMF
   335	     *			    ==060== BY ==020==	*> DFHRA
   336	     *			    ==063== BY ==026==. *> DFHSUB
   337	     *
   338	     ******************************************************************
   339	     *BMS and Terminal Control - Order & Attributes constants	      *
   340	     ******************************************************************
   341	     *
   342	     *	  Field Attributes
   343	     *
   344            05  DFHBMASB                          PIC X VALUE '8'.
   345            05  DFHBMASF                          PIC X VALUE '1'.
   346            05  DFHBMASK                          PIC X VALUE '0'.
   347            05  DFHBMBRY                          PIC X VALUE 'H'.
   348            05  DFHBMDAR                          PIC X VALUE '<'.
   349            05  DFHBMFSE                          PIC X VALUE 'A'.
   350            05  DFHBMPRF                          PIC X VALUE '/'.
   351            05  DFHBMPRO                          PIC X VALUE '-'.
   352            05  DFHBMUNN                          PIC X VALUE '&'.
   353            05  DFHBMUNP                          PIC X VALUE ' '.
   354            05  DFHUNNUM                          PIC X VALUE 'J'.
   355	     *
   356	     *	  partially supported
   357	     *
   358            05  DFHUNNOD                          PIC X VALUE '('.
   359            05  DFHUNIMD                          PIC X VALUE 'I'.
   360            05  DFHUNINT                          PIC X VALUE 'R'.
   361            05  DFHUNNON                          PIC X VALUE '('.
   362            05  DFHPROTI                          PIC X VALUE 'Y'.
   363            05  DFHPROTN                          PIC X VALUE '%'.
   364	     *
   365	     *	  These values are additions to mainframe constants
   366	     *   367            05  DFHBMS-ASK-DARK                   PIC X VALUE '@'.
   368            05  DFHBMS-ASK-BRY-FSET               PIC X VALUE '9'.
   369            05  DFHBMS-ASK-DAR-FSET               PIC X VALUE ''''.
   370	     *						      VALUE APOST
   371            05  DFHBMS-PRO-BRY-FSET               PIC X VALUE 'Z'.
   372            05  DFHBMS-PRO-DAR-FSET               PIC X VALUE '_'.
   373            05  DFHBMS-NUM-BRY                    PIC X VALUE 'Q'.
   374            05  DFHBMS-NUM-DAR                    PIC X VALUE '*'.
   375            05  DFHBMS-NUM-DAR-FSET               PIC X VALUE ')'.
   376	     *
   377	     *	  Field Flag values
   378		  05  DFHBMEOF-VAL VALUE 128		PIC S9(4) COMP-4.
   379		  05  FILLER REDEFINES DFHBMEOF-VAL.
   380		      10  FILLER			PIC X.
   381		      10  DFHBMEOF			PIC X.
   382       *                                          x'80'.
   383		  05  DFHBMCUR-VAL VALUE 002		PIC S9(4) COMP-4.
   384		  05  FILLER REDEFINES DFHBMCUR-VAL.
   385		      10  FILLER			PIC X.
   386		      10  DFHBMCUR			PIC X.
   387       *                                          x'02'.
   388		  05  DFHBMMEC-VAL VALUE 130		PIC S9(4) COMP-4.
   389		  05  FILLER REDEFINES DFHBMMEC-VAL.
   390		      10  FILLER			PIC X.
   391		      10  DFHBMMEC			PIC X.
   392       *                                          x'82'.
   393       *                                          x'02'.
   394		  05  DFHBMFLG-VAL  VALUE 0		PIC S9(4) COMP-4.
   395		      88  DFHERASE			VALUES 128 130.
   396       *                                          x'80' X'82'
   397		      88  DFHCURSR			VALUES 002 130.
   398       *                                          x'02' X'82'
   399		  05  FILLER REDEFINES DFHBMFLG-VAL.
   400		      10  FILLER			PIC X.
   401		      10  DFHBMFLG			PIC X.
   402
   403		  05  DFHBMDUP-VAL VALUE 028		PIC S9(4) COMP-4.
   404		  05  FILLER REDEFINES DFHBMDUP-VAL.
   405		      10  FILLER			PIC X.
   406		      10  DFHBMDUP			PIC X.
   407       *                                              x'1C'
   408	     *
   409	     ******************************************************************
   410	     *	  supported 327X Extended Attributes
   411	     *
   412	     *	  Extended COLOR Attributes
   413	     *
   414            05  DFHDFCOL                          PIC X VALUE '0'.
   415            05  DFHBLUE                           PIC X VALUE '1'.
   416            05  DFHRED                            PIC X VALUE '2'.
   417            05  DFHPINK                           PIC X VALUE '3'.
   418            05  DFHGREEN                          PIC X VALUE '4'.
   419            05  DFHTURQ                           PIC X VALUE '5'.
   420            05  DFHYELLO                          PIC X VALUE '6'.
   421            05  DFHNEUTR                          PIC X VALUE '7'.
   422	     *
   423	     *	  Extended HILIGHT Attributes
   424	     *
   425            05  DFHDFHI                           PIC X VALUE '0'.
   426            05  DFHBLINK                          PIC X VALUE '1'.   427            05  DFHREVRS                          PIC X VALUE '2'.
   428            05  DFHUNDLN                          PIC X VALUE '4'.
   429	     *
   430	     ******************************************************************
   431	     *	  supported 327X Data Stream Orders
   432	     *
   433		  05  DFHSBA-VAL VALUE 017		 PIC S9(4) COMP-4.
   434		  05  FILLER REDEFINES DFHSBA-VAL.
   435		      10  FILLER			PIC X.
   436		      10  DFHSBA			PIC X.
   437       *                                              x'11'
   438		  05  DFHEUA-VAL VALUE 018		PIC S9(4) COMP-4.
   439		  05  FILLER REDEFINES DFHEUA-VAL.
   440		      10  FILLER			PIC X.
   441		      10  DFHEUA			PIC X.
   442       *                                              x'12'
   443		  05  DFHIC-VAL VALUE 019		PIC S9(4) COMP-4.
   444		  05  FILLER REDEFINES DFHIC-VAL.
   445		      10  FILLER			PIC X.
   446		      10  DFHIC 			PIC X.
   447       *                                              X'13'.
   448		  05  DFHSF-VAL VALUE 029		PIC S9(4) COMP-4.
   449		  05  FILLER REDEFINES DFHSF-VAL.
   450		      10  FILLER			PIC X.
   451		      10  DFHSF 			PIC X.
   452       *                                              X'1D'.
   453		  05  DFHPT-VAL VALUE 005		PIC S9(4) COMP-4.
   454		      88 DFHPT-VAL-EBCDIC		VALUE 5.
   455		      88 DFHPT-VAL-ASCII		VALUE 9.
   456		  05  FILLER REDEFINES DFHPT-VAL.
   457		      10  FILLER			PIC X.
   458		      10  DFHPT 			PIC X.
   459       *                                              EBCDIC X'05'.
   460       *                                              ASCII  X'09'.
   461		  05  DFHRA-VAL VALUE 060		PIC S9(4) COMP-4.
   462		      88 DFHRA-VAL-EBCDIC		VALUE 60.
   463		      88 DFHRA-VAL-ASCII		VALUE 20.
   464		  05  FILLER REDEFINES DFHRA-VAL.
   465		      10  FILLER			PIC X.
   466		      10  DFHRA 			PIC X.
   467       *                                              EBCDIC x'3C'
   468       *                                              ASCII  x'14'
   469		  05  DFHSFE-VAL VALUE 041		PIC S9(4) COMP-4.
   470		      88 DFHSFE-VAL-EBCDIC		VALUE 41.
   471		      88 DFHSFE-VAL-ASCII		VALUE 31.
   472		  05  FILLER REDEFINES DFHSFE-VAL.
   473		      10  FILLER			PIC X.
   474		      10  DFHSFE			PIC X.
   475       *                                              EBCDIC x'29'
   476       *                                              ASCII  x'1F'
   477		  05  DFHMF-VAL VALUE 044		PIC S9(4) COMP-4.
   478		      88 DFHMF-VAL-EBCDIC		VALUE 44.
   479		      88 DFHMF-VAL-ASCII		VALUE 23.
   480		  05  FILLER REDEFINES DFHMF-VAL.
   481		      10  FILLER			PIC X.
   482		      10  DFHMF 			PIC X.
   483       *                                              EBCDIC x'2C'
   484       *                                              ASCII  x'17'
   485	     *
   486	     ******************************************************************   487	     *	  unsupported 327X Data Stream order codes
   488	     *
   489		  05  DFHSA-VAL VALUE 040		PIC S9(4) COMP-4.
   490		      88 DFHSA-VAL-EBCDIC		VALUE 40.
   491		      88 DFHSA-VAL-ASCII		VALUE 21.
   492		  05  FILLER REDEFINES DFHSA-VAL.
   493		      10  FILLER			PIC X.
   494		      10  DFHSA 			PIC X.
   495       *                                              EBCDIC x'28'
   496       *                                              ASCII  x'15'
   497		  05  DFHGE-VAL VALUE 008		PIC S9(4) COMP-4.
   498		  05  FILLER REDEFINES DFHGE-VAL.
   499		      10  FILLER			PIC X.
   500		      10  DFHGE 			PIC X.
   501       *                                              X'08'.
   502	     *
   503	     ******************************************************************
   504	     *	  SFE and MF supported attribute types
   505	     *
   506            05  DFHCOLOR                          PIC X VALUE 'ƒ'.
   507       *                                              EBCDIC x'42'
   508       *                                              ASCII  x'83'
   509            05  DFHHLT                            PIC X VALUE 'Ö'.
   510       *                                              EBCDIC x'41'
   511       *                                              ASCII  x'D6'
   512            05  DFH3270                           PIC X VALUE '{'.
   513	     *
   514	     *	  supported for SEND TEXT command and printer terminal
   515	     *
   516		  05  DFHBMPNL-VAL VALUE 021		PIC S9(4) COMP-4.
   517		      88 DFHBMPNL-VAL-EBCDIC		VALUE 21.
   518		      88 DFHBMPNL-VAL-ASCII		VALUE 10.
   519		  05  FILLER REDEFINES DFHBMPNL-VAL.
   520		      10  FILLER			PIC X.
   521		      10  DFHBMPNL			PIC X.
   522       *                                              EBCDIC X'15'.
   523       *                                              ASCII  X'0A'.
   524	     *
   525	     ******************************************************************
   526	     *	  Printer terminal data stream only
   527	     *
   528		  05  DFHBMPFF-VAL VALUE 012		PIC S9(4) COMP-4.
   529		  05  FILLER REDEFINES DFHBMPFF-VAL.
   530		      10  FILLER			PIC X.
   531		      10  DFHBMPFF			PIC X.
   532       *                                              X'0C'.
   533		  05  DFHBMPCR-VAL VALUE 013		PIC S9(4) COMP-4.
   534		  05  FILLER REDEFINES DFHBMPCR-VAL.
   535		      10  FILLER			PIC X.
   536		      10  DFHBMPCR			PIC X.
   537       *                                              X'0D'.
   538		  05  DFHBMPEM-VAL VALUE 025		PIC S9(4) COMP-4.
   539		  05  FILLER REDEFINES DFHBMPEM-VAL.
   540		      10  FILLER			PIC X.
   541		      10  DFHBMPEM			PIC X.
   542       *                                              X'19'.
   543	     *
   544	     ******************************************************************
   545	     *	  unsupported Miscellaneous attributes and constants
   546	     *   547		  05  DFHALL				PIC X VALUE LOW-VALUES.
   548            05  DFHBASE                           PIC X VALUE '0'.
   549		  05  DFHBMDET				PIC X VALUE LOW-VALUES.
   550		  05  DFHBMPSOSI-VAL VALUE 3599 	PIC S9(4) COMP-4.
   551		  05  FILLER REDEFINES DFHBMPSOSI-VAL.
   552		      10  DFHBMPSO			PIC X.
   553       *                                              X'0E'.
   554		      10  DFHBMPSI			PIC X.
   555       *                                              X'0F'.
   556		  05  DFHDFT VALUE HIGH-VALUES		PIC X.
   557            05  DFHERROR                          PIC X VALUE '¶'.
   558       *                                              EBCDIC X'1A'.
   559       *                                              ASCII  X'B6'.
   560            05  DFHFIL                            PIC X VALUE '4'.
   561            05  DFHMENT                           PIC X VALUE '2'.
   562            05  DFHMET                            PIC X VALUE '3'.
   563            05  DFHMFE                            PIC X VALUE '6'.
   564            05  DFHMFET                           PIC X VALUE '7'.
   565            05  DFHMFT                            PIC X VALUE '5'.
   566            05  DFHMT                             PIC X VALUE '1'.
   567            05  DFHOUTLN                          PIC X VALUE 'B'.
   568            05  DFHPS                             PIC X VALUE '„'.
   569       *                                              EBCDIC x'43'
   570       *                                              ASCII  x'84'
   571            05  DFHVAL                            PIC X VALUE 'A'.
   572	     *
   573		  05  DFHSUB-VAL   VALUE 063		PIC S9(4) COMP-4.
   574		      88 DFHSUB-VAL-EBCDIC		VALUE 63.
   575		      88 DFHSUB-VAL-ASCII		VALUE 26.
   576		  05  FILLER REDEFINES DFHSUB-VAL.
   577		      10  FILLER			PIC X.
   578		      10  DFHSUB			PIC X.
   579       *                                              EBCDIC X'3F'.
   580       *                                              ASCII  X'1A'.
   581	     *
   582		  05  DFHFM-VAL    VALUE 030		PIC S9(4) COMP-4.
   583		  05  FILLER REDEFINES DFHFM-VAL.
   584		      10  FILLER			PIC X.
   585		      10  DFHFM 			PIC X.
   586       *                                              EBCDIC X'1E'.
   587		  05  DFHEO VALUE HIGH-VALUE		PIC X.
   589
   590	      LINKAGE SECTION.
   592	      01  DFHEIBLK.						       R
   593		  05 EIBTIME  PIC S9(7) COMP-3. 			       R
   594		  05 EIBDATE  PIC S9(7) COMP-3. 			       R
   595		  05 EIBTRNID PIC X(4). 				       R
   596		  05 EIBTASKN PIC S9(7) COMP-3. 			       R
   597		  05 EIBTRMID PIC X(4). 				       R
   598		  05 DFHEIGDI PIC S9(4) COMP-4. 			       R
   599		  05 EIBCPOSN PIC S9(4) COMP-4. 			       R
   600		  05 EIBCALEN PIC S9(4) COMP-4. 			       R
   601		  05 EIBAID   PIC X.					       R
   602		  05 EIBFN    PIC X(2). 				       R
   603		  05 EIBRCODE PIC X(6). 				       R
   604		  05 EIBDS    PIC X(8). 				       R
   605		  05 EIBREQID PIC X(8). 				       R
   606		  05 EIBRSRCE PIC X(8). 				       R
   607		  05 EIBSYNC  PIC X.					       R
   608		  05 EIBFREE  PIC X.					       R   609		  05 EIBRECV  PIC X.					       R
   610		  05 EIBSEND  PIC X.					       R
   611		  05 EIBATT   PIC X.					       R
   612		  05 EIBEOC   PIC X.					       R
   613		  05 EIBFMH   PIC X.					       R
   614		  05 EIBCOMPL PIC X.					       R
   615		  05 EIBSIG   PIC X.					       R
   616		  05 EIBCONF  PIC X.					       R
   617		  05 EIBERR   PIC X.					       R
   618		  05 EIBERRCD PIC X(4). 				       R
   619		  05 EIBSYNRB PIC X.					       R
   620		  05 EIBNODAT PIC X.					       R
   621		  05 EIBRESP  PIC S9(8) COMP-4. 			       R
   622		  05 EIBRESP2 PIC S9(8) COMP-4. 			       R
   623		  05 EIBRLDBK PIC X.					       R
   624		  05 EIBCARESERVED PIC X(32).				       R
   626	      01  DFHCOMMAREA				PIC X(15).
   627
   628
   629	      PROCEDURE DIVISION					       R
   631		  USING DFHEIBLK DFHCOMMAREA.				       R
   656	      100-MAIN.
   657            MOVE 'SM004 CALLED' TO DFHCOMMAREA
   659		  EXEC CICS
   660		   RETURN
   661		  END-EXEC.
   675
   676	      100-EXIT.
   677		  EXIT.CA-Realia COBOL Version 6.0.45	 E:\work-bpi\CAWB30-HO\SM004.cic       PAGE   11



			Realia COBOL Compiler Version Information

			      Pass 1	 Version 6.072
			      Pass 1a	 Version 6.015
			      Pass 2	 Version 6.068
			      Pass 2a	 Version 6.020
			      Pass 3	 Version 6.094
			      Pass 4	 Version 6.007
			      Pass 5	 Version 6.022


			Compilation Directives in Effect

COMP-4		  DCHK		    OPT 	      NOCALL
NOSUBCHK	  STRCHK	    NOTRUNC	      NOSMALLCOMP
NODCALL 	  NODIVZERO	    NOEPDCALL	      APOST
EBCDIC		  STATABORT	    NOMOVELINK	      NOBLL4K
ARGCHK		  UPLOW 	    NOVERARG	      MDY
LP:   60	  PP		    FCREATE	      NOIEEE
NOLILIAN	  CURRENCY-SIGN=$   WRITEAFTER	      SOSI
NOCOPY68	  NOFLAG-COM	    NOFLAG-SEG	      NOFLAG-FIPS
DEBUGXREF	  DIALECT-VS2

			Error level limit: W

			Source lines compiled:	     688
			Compilation time (mm:ss.ss):  0:00.70
			Compilation speed (lines/minute): 58971

			Compilation date (yy/mm/dd): 23/11/13
			     Time of day (hh:mm:ss): 12:24:53