     5	     *CBL XOPTS(COBOL2)
    20	      IDENTIFICATION DIVISION.
    21	      PROGRAM-ID. SM001.
    22	      ENVIRONMENT DIVISION.
    23	      CONFIGURATION SECTION.
    24	      SOURCE-COMPUTER.	  IBM-PC.
    25	      OBJECT-COMPUTER.	  IBM-PC.
    26	      DATA DIVISION.
    27	      FILE SECTION.
    28	     *------------------------*
    29	     *	  WORKING STORAGE     *
    30	     *------------------------*
    31	      WORKING-STORAGE SECTION.
    32		  COPY SM01S.
    34	     * SYMBOLIC MAP of SM01S Created by CACXBMS Version 6.0.27
    80	      01  SM001MI.
    81		  02  FILLER				     PIC X(12).
    82		  02  PAGEL				     PIC S9(4) COMP.
    83		  02  PAGEF				     PIC X.
    84		  02  FILLER REDEFINES PAGEF.
    85		      03  PAGEA 			     PIC X.
    86		  02  PAGEI				     PIC X(002).
    87		  02  DATE1L				     PIC S9(4) COMP.
    88		  02  DATE1F				     PIC X.
    89		  02  FILLER REDEFINES DATE1F.
    90		      03  DATE1A			     PIC X.
    91		  02  DATE1I				     PIC X(010).
    92		  02  TIME1L				     PIC S9(4) COMP.
    93		  02  TIME1F				     PIC X.
    94		  02  FILLER REDEFINES TIME1F.
    95		      03  TIME1A			     PIC X.
    96		  02  TIME1I				     PIC X(008).
    97		  02  TITLEL				     PIC S9(4) COMP.
    98		  02  TITLEF				     PIC X.
    99		  02  FILLER REDEFINES TITLEF.
   100		      03  TITLEA			     PIC X.
   101		  02  TITLEI				     PIC X(020).
   102		  02  STATUSL				     PIC S9(4) COMP.
   103		  02  STATUSF				     PIC X.
   104		  02  FILLER REDEFINES STATUSF.
   105		      03  STATUSA			     PIC X.
   106		  02  STATUSI				     PIC X(010).
   107		  02  TODATEL				     PIC S9(4) COMP.
   108		  02  TODATEF				     PIC X.
   109		  02  FILLER REDEFINES TODATEF.
   110		      03  TODATEA			     PIC X.
   111		  02  TODATEI				     PIC X(010).
   112		  02  FRDATEL				     PIC S9(4) COMP.
   113		  02  FRDATEF				     PIC X.
   114		  02  FILLER REDEFINES FRDATEF.
   115		      03  FRDATEA			     PIC X.
   116		  02  FRDATEI				     PIC X(010).
   117		  02  OPTN1L				     PIC S9(4) COMP.
   118		  02  OPTN1F				     PIC X.
   119		  02  FILLER REDEFINES OPTN1F.
   120		      03  OPTN1A			     PIC X.
   121		  02  OPTN1I				     PIC X(001).
   122		  02  OPTN2L				     PIC S9(4) COMP.
   123		  02  OPTN2F				     PIC X.
   124		  02  FILLER REDEFINES OPTN2F.   125		      03  OPTN2A			     PIC X.
   126		  02  OPTN2I				     PIC X(001).
   127		  02  OPTN3L				     PIC S9(4) COMP.
   128		  02  OPTN3F				     PIC X.
   129		  02  FILLER REDEFINES OPTN3F.
   130		      03  OPTN3A			     PIC X.
   131		  02  OPTN3I				     PIC X(001).
   132		  02  OPTN4L				     PIC S9(4) COMP.
   133		  02  OPTN4F				     PIC X.
   134		  02  FILLER REDEFINES OPTN4F.
   135		      03  OPTN4A			     PIC X.
   136		  02  OPTN4I				     PIC X(001).
   137		  02  OPTN5L				     PIC S9(4) COMP.
   138		  02  OPTN5F				     PIC X.
   139		  02  FILLER REDEFINES OPTN5F.
   140		      03  OPTN5A			     PIC X.
   141		  02  OPTN5I				     PIC X(001).
   142		  02  OPTN6L				     PIC S9(4) COMP.
   143		  02  OPTN6F				     PIC X.
   144		  02  FILLER REDEFINES OPTN6F.
   145		      03  OPTN6A			     PIC X.
   146		  02  OPTN6I				     PIC X(001).
   147		  02  OPTN7L				     PIC S9(4) COMP.
   148		  02  OPTN7F				     PIC X.
   149		  02  FILLER REDEFINES OPTN7F.
   150		      03  OPTN7A			     PIC X.
   151		  02  OPTN7I				     PIC X(001).
   152		  02  OPTN8L				     PIC S9(4) COMP.
   153		  02  OPTN8F				     PIC X.
   154		  02  FILLER REDEFINES OPTN8F.
   155		      03  OPTN8A			     PIC X.
   156		  02  OPTN8I				     PIC X(001).
   157		  02  OPTN9L				     PIC S9(4) COMP.
   158		  02  OPTN9F				     PIC X.
   159		  02  FILLER REDEFINES OPTN9F.
   160		      03  OPTN9A			     PIC X.
   161		  02  OPTN9I				     PIC X(001).
   162		  02  OPTN10L				     PIC S9(4) COMP.
   163		  02  OPTN10F				     PIC X.
   164		  02  FILLER REDEFINES OPTN10F.
   165		      03  OPTN10A			     PIC X.
   166		  02  OPTN10I				     PIC X(001).
   167		  02  OPTN11L				     PIC S9(4) COMP.
   168		  02  OPTN11F				     PIC X.
   169		  02  FILLER REDEFINES OPTN11F.
   170		      03  OPTN11A			     PIC X.
   171		  02  OPTN11I				     PIC X(001).
   172		  02  DETL1L				     PIC S9(4) COMP.
   173		  02  DETL1F				     PIC X.
   174		  02  FILLER REDEFINES DETL1F.
   175		      03  DETL1A			     PIC X.
   176		  02  DETL1I				     PIC X(070).
   177		  02  DETL2L				     PIC S9(4) COMP.
   178		  02  DETL2F				     PIC X.
   179		  02  FILLER REDEFINES DETL2F.
   180		      03  DETL2A			     PIC X.
   181		  02  DETL2I				     PIC X(070).
   182		  02  DETL3L				     PIC S9(4) COMP.
   183		  02  DETL3F				     PIC X.
   184		  02  FILLER REDEFINES DETL3F.   185		      03  DETL3A			     PIC X.
   186		  02  DETL3I				     PIC X(070).
   187		  02  DETL4L				     PIC S9(4) COMP.
   188		  02  DETL4F				     PIC X.
   189		  02  FILLER REDEFINES DETL4F.
   190		      03  DETL4A			     PIC X.
   191		  02  DETL4I				     PIC X(070).
   192		  02  DETL5L				     PIC S9(4) COMP.
   193		  02  DETL5F				     PIC X.
   194		  02  FILLER REDEFINES DETL5F.
   195		      03  DETL5A			     PIC X.
   196		  02  DETL5I				     PIC X(070).
   197		  02  DETL6L				     PIC S9(4) COMP.
   198		  02  DETL6F				     PIC X.
   199		  02  FILLER REDEFINES DETL6F.
   200		      03  DETL6A			     PIC X.
   201		  02  DETL6I				     PIC X(070).
   202		  02  DETL7L				     PIC S9(4) COMP.
   203		  02  DETL7F				     PIC X.
   204		  02  FILLER REDEFINES DETL7F.
   205		      03  DETL7A			     PIC X.
   206		  02  DETL7I				     PIC X(070).
   207		  02  DETL8L				     PIC S9(4) COMP.
   208		  02  DETL8F				     PIC X.
   209		  02  FILLER REDEFINES DETL8F.
   210		      03  DETL8A			     PIC X.
   211		  02  DETL8I				     PIC X(070).
   212		  02  DETL9L				     PIC S9(4) COMP.
   213		  02  DETL9F				     PIC X.
   214		  02  FILLER REDEFINES DETL9F.
   215		      03  DETL9A			     PIC X.
   216		  02  DETL9I				     PIC X(070).
   217		  02  DETL10L				     PIC S9(4) COMP.
   218		  02  DETL10F				     PIC X.
   219		  02  FILLER REDEFINES DETL10F.
   220		      03  DETL10A			     PIC X.
   221		  02  DETL10I				     PIC X(070).
   222		  02  DETL11L				     PIC S9(4) COMP.
   223		  02  DETL11F				     PIC X.
   224		  02  FILLER REDEFINES DETL11F.
   225		      03  DETL11A			     PIC X.
   226		  02  DETL11I				     PIC X(070).
   227		  02  ERRMSG1L				     PIC S9(4) COMP.
   228		  02  ERRMSG1F				     PIC X.
   229		  02  FILLER REDEFINES ERRMSG1F.
   230		      03  ERRMSG1A			     PIC X.
   231		  02  ERRMSG1I				     PIC X(070).
   232	      01  SM001MO REDEFINES SM001MI.
   233		  02  FILLER				     PIC X(12).
   234		  02  FILLER				     PIC XX.
   235		  02  FILLER				     PIC X.
   236		  02  PAGEO				     PIC X(002).
   237		  02  FILLER				     PIC XX.
   238		  02  FILLER				     PIC X.
   239		  02  DATE1O				     PIC X(010).
   240		  02  FILLER				     PIC XX.
   241		  02  FILLER				     PIC X.
   242		  02  TIME1O				     PIC X(008).
   243		  02  FILLER				     PIC XX.
   244		  02  FILLER				     PIC X.   245		  02  TITLEO				     PIC X(020).
   246		  02  FILLER				     PIC XX.
   247		  02  FILLER				     PIC X.
   248		  02  STATUSO				     PIC X(010).
   249		  02  FILLER				     PIC XX.
   250		  02  FILLER				     PIC X.
   251		  02  TODATEO				     PIC X(010).
   252		  02  FILLER				     PIC XX.
   253		  02  FILLER				     PIC X.
   254		  02  FRDATEO				     PIC X(010).
   255		  02  FILLER				     PIC XX.
   256		  02  FILLER				     PIC X.
   257		  02  OPTN1O				     PIC X(001).
   258		  02  FILLER				     PIC XX.
   259		  02  FILLER				     PIC X.
   260		  02  OPTN2O				     PIC X(001).
   261		  02  FILLER				     PIC XX.
   262		  02  FILLER				     PIC X.
   263		  02  OPTN3O				     PIC X(001).
   264		  02  FILLER				     PIC XX.
   265		  02  FILLER				     PIC X.
   266		  02  OPTN4O				     PIC X(001).
   267		  02  FILLER				     PIC XX.
   268		  02  FILLER				     PIC X.
   269		  02  OPTN5O				     PIC X(001).
   270		  02  FILLER				     PIC XX.
   271		  02  FILLER				     PIC X.
   272		  02  OPTN6O				     PIC X(001).
   273		  02  FILLER				     PIC XX.
   274		  02  FILLER				     PIC X.
   275		  02  OPTN7O				     PIC X(001).
   276		  02  FILLER				     PIC XX.
   277		  02  FILLER				     PIC X.
   278		  02  OPTN8O				     PIC X(001).
   279		  02  FILLER				     PIC XX.
   280		  02  FILLER				     PIC X.
   281		  02  OPTN9O				     PIC X(001).
   282		  02  FILLER				     PIC XX.
   283		  02  FILLER				     PIC X.
   284		  02  OPTN10O				     PIC X(001).
   285		  02  FILLER				     PIC XX.
   286		  02  FILLER				     PIC X.
   287		  02  OPTN11O				     PIC X(001).
   288		  02  FILLER				     PIC XX.
   289		  02  FILLER				     PIC X.
   290		  02  DETL1O				     PIC X(070).
   291		  02  FILLER				     PIC XX.
   292		  02  FILLER				     PIC X.
   293		  02  DETL2O				     PIC X(070).
   294		  02  FILLER				     PIC XX.
   295		  02  FILLER				     PIC X.
   296		  02  DETL3O				     PIC X(070).
   297		  02  FILLER				     PIC XX.
   298		  02  FILLER				     PIC X.
   299		  02  DETL4O				     PIC X(070).
   300		  02  FILLER				     PIC XX.
   301		  02  FILLER				     PIC X.
   302		  02  DETL5O				     PIC X(070).
   303		  02  FILLER				     PIC XX.
   304		  02  FILLER				     PIC X.   305		  02  DETL6O				     PIC X(070).
   306		  02  FILLER				     PIC XX.
   307		  02  FILLER				     PIC X.
   308		  02  DETL7O				     PIC X(070).
   309		  02  FILLER				     PIC XX.
   310		  02  FILLER				     PIC X.
   311		  02  DETL8O				     PIC X(070).
   312		  02  FILLER				     PIC XX.
   313		  02  FILLER				     PIC X.
   314		  02  DETL9O				     PIC X(070).
   315		  02  FILLER				     PIC XX.
   316		  02  FILLER				     PIC X.
   317		  02  DETL10O				     PIC X(070).
   318		  02  FILLER				     PIC XX.
   319		  02  FILLER				     PIC X.
   320		  02  DETL11O				     PIC X(070).
   321		  02  FILLER				     PIC XX.
   322		  02  FILLER				     PIC X.
   323		  02  ERRMSG1O				     PIC X(070).
   325	     *----------------------------------------------------------------*
   326	     *			   COPYBOOK REDEFINES			      *
   327	     *----------------------------------------------------------------*
   328	      01  DETL-LINE REDEFINES SM001MI.
   329		  05 FILLER				 PIC X(103).
   330		  05 DETL-SELECT			 OCCURS 11.
   331		     10 DETL-SELECTL			 PIC S9(4) COMP.
   332		     10 DETL-SELECTF			 PIC X.
   333			  10 FILLER REDEFINES DETL-SELECTF.
   334			15 DETL-SELECTA 		 PIC X.
   335			  10 DETL-SELECTI		      PIC X(001).
   336		  05 DETL-DETAIL			 OCCURS 11.
   337		     10 DETL-DETAILL			 PIC S9(4) COMP.
   338		     10 DETL-DETAILF			 PIC X.
   339		     10 FILLER REDEFINES DETL-DETAILF.
   340			15 DETL-DETAILA 		 PIC X.
   341			 10 DETL-DETAILI.
   342			15 DETAILS-TIX-ID		 PIC X(07).
   343			15 FILLER1			 PIC X(03).
   344			15 DETAILS-TIX-TITLE		 PIC X(25).
   345			15 FILLER2			 PIC X(01).
   346			15 DETAILS-TIX-STAT		 PIC X(10).
   347			15 FILLER3			 PIC X(04).
   348			15 DETAILS-LAST-UPD.
   349			   20  DETAIL-DD		 PIC X(02).
   350			   20  SLASH1			 PIC X.
   351			   20  DETAIL-MM		 PIC X(02).
   352			   20  SLASH2			 PIC X.
   353			   20  DETAIL-YYYY		 PIC X(04).
   354			15 FILLER4			 PIC X(02).
   355			15 DETAILS-UPD-BY		 PIC X(08).
   356		  05 FILLER				 PIC X(65).
   357		  COPY DFHBMSCA.
   359	      01  DFHBMSCA.
   360	     *
   361	     * CA-Realia CICS 6.0 Computer Associates International, Inc.
   362	     *
   363	     * Revision Information
   364	     * ^{File:dfhbmsca.cob}
   365	     * ^{Timestamp:Tue Oct 08 15:34:54 1996}
   366	     * ^{Revision:2.0}   367	     *
   368	     *	Note:This FILE is provided with most values as quoted literals
   369	     *	     so that the file can be used for both ASCII and EBCDIC
   370	     *	     programs
   371	     *
   372	     *	     The only exceptions are some 3270 Data Stream Orders
   373	     *	     They use different Hexadecimal values for ASCII and
   374	     *	     EBCDIC and they cannot be expressed as quoted literals
   375	     *	     as the values are <Line Feed>, <Tab>, <End of File> etc.
   376	     *	     characters in ASCII
   377	     *
   378	     *	     They have their values set up to default to the EBCDIC
   379	     *	     values.
   380	     *
   381	     *	     3270 orders are only needed for EXEC CICS SEND and RECEIVE
   382	     *	     and SEND TEXT with imbedded format orders.
   383	     *	     If you use these values in ASCII programs the values
   384	     *	     must be changed.
   385	     *
   386	     *	     An alternative is to use REPLACING to change the values.
   387	     *
   388	     *	  i.e. COPY DFHBMSCA replacing
   389	     *			    ==005== BY ==009==	*> DFHPT
   390	     *			    ==021== BY ==010==	*> DFHNL
   391	     *			    ==040== BY ==021==	*> DFHSA
   392	     *			    ==041== BY ==031==	*> DFHSFE
   393	     *			    ==044== BY ==023==	*> DFHMF
   394	     *			    ==060== BY ==020==	*> DFHRA
   395	     *			    ==063== BY ==026==. *> DFHSUB
   396	     *
   397	     ******************************************************************
   398	     *BMS and Terminal Control - Order & Attributes constants	      *
   399	     ******************************************************************
   400	     *
   401	     *	  Field Attributes
   402	     *
   403            05  DFHBMASB                          PIC X VALUE '8'.
   404            05  DFHBMASF                          PIC X VALUE '1'.
   405            05  DFHBMASK                          PIC X VALUE '0'.
   406            05  DFHBMBRY                          PIC X VALUE 'H'.
   407            05  DFHBMDAR                          PIC X VALUE '<'.
   408            05  DFHBMFSE                          PIC X VALUE 'A'.
   409            05  DFHBMPRF                          PIC X VALUE '/'.
   410            05  DFHBMPRO                          PIC X VALUE '-'.
   411            05  DFHBMUNN                          PIC X VALUE '&'.
   412            05  DFHBMUNP                          PIC X VALUE ' '.
   413            05  DFHUNNUM                          PIC X VALUE 'J'.
   414	     *
   415	     *	  partially supported
   416	     *
   417            05  DFHUNNOD                          PIC X VALUE '('.
   418            05  DFHUNIMD                          PIC X VALUE 'I'.
   419            05  DFHUNINT                          PIC X VALUE 'R'.
   420            05  DFHUNNON                          PIC X VALUE '('.
   421            05  DFHPROTI                          PIC X VALUE 'Y'.
   422            05  DFHPROTN                          PIC X VALUE '%'.
   423	     *
   424	     *	  These values are additions to mainframe constants
   425	     *
   426            05  DFHBMS-ASK-DARK                   PIC X VALUE '@'.   427            05  DFHBMS-ASK-BRY-FSET               PIC X VALUE '9'.
   428            05  DFHBMS-ASK-DAR-FSET               PIC X VALUE ''''.
   429	     *						      VALUE APOST
   430            05  DFHBMS-PRO-BRY-FSET               PIC X VALUE 'Z'.
   431            05  DFHBMS-PRO-DAR-FSET               PIC X VALUE '_'.
   432            05  DFHBMS-NUM-BRY                    PIC X VALUE 'Q'.
   433            05  DFHBMS-NUM-DAR                    PIC X VALUE '*'.
   434            05  DFHBMS-NUM-DAR-FSET               PIC X VALUE ')'.
   435	     *
   436	     *	  Field Flag values
   437		  05  DFHBMEOF-VAL VALUE 128		PIC S9(4) COMP-4.
   438		  05  FILLER REDEFINES DFHBMEOF-VAL.
   439		      10  FILLER			PIC X.
   440		      10  DFHBMEOF			PIC X.
   441       *                                          x'80'.
   442		  05  DFHBMCUR-VAL VALUE 002		PIC S9(4) COMP-4.
   443		  05  FILLER REDEFINES DFHBMCUR-VAL.
   444		      10  FILLER			PIC X.
   445		      10  DFHBMCUR			PIC X.
   446       *                                          x'02'.
   447		  05  DFHBMMEC-VAL VALUE 130		PIC S9(4) COMP-4.
   448		  05  FILLER REDEFINES DFHBMMEC-VAL.
   449		      10  FILLER			PIC X.
   450		      10  DFHBMMEC			PIC X.
   451       *                                          x'82'.
   452       *                                          x'02'.
   453		  05  DFHBMFLG-VAL  VALUE 0		PIC S9(4) COMP-4.
   454		      88  DFHERASE			VALUES 128 130.
   455       *                                          x'80' X'82'
   456		      88  DFHCURSR			VALUES 002 130.
   457       *                                          x'02' X'82'
   458		  05  FILLER REDEFINES DFHBMFLG-VAL.
   459		      10  FILLER			PIC X.
   460		      10  DFHBMFLG			PIC X.
   461
   462		  05  DFHBMDUP-VAL VALUE 028		PIC S9(4) COMP-4.
   463		  05  FILLER REDEFINES DFHBMDUP-VAL.
   464		      10  FILLER			PIC X.
   465		      10  DFHBMDUP			PIC X.
   466       *                                              x'1C'
   467	     *
   468	     ******************************************************************
   469	     *	  supported 327X Extended Attributes
   470	     *
   471	     *	  Extended COLOR Attributes
   472	     *
   473            05  DFHDFCOL                          PIC X VALUE '0'.
   474            05  DFHBLUE                           PIC X VALUE '1'.
   475            05  DFHRED                            PIC X VALUE '2'.
   476            05  DFHPINK                           PIC X VALUE '3'.
   477            05  DFHGREEN                          PIC X VALUE '4'.
   478            05  DFHTURQ                           PIC X VALUE '5'.
   479            05  DFHYELLO                          PIC X VALUE '6'.
   480            05  DFHNEUTR                          PIC X VALUE '7'.
   481	     *
   482	     *	  Extended HILIGHT Attributes
   483	     *
   484            05  DFHDFHI                           PIC X VALUE '0'.
   485            05  DFHBLINK                          PIC X VALUE '1'.
   486            05  DFHREVRS                          PIC X VALUE '2'.   487            05  DFHUNDLN                          PIC X VALUE '4'.
   488	     *
   489	     ******************************************************************
   490	     *	  supported 327X Data Stream Orders
   491	     *
   492		  05  DFHSBA-VAL VALUE 017		 PIC S9(4) COMP-4.
   493		  05  FILLER REDEFINES DFHSBA-VAL.
   494		      10  FILLER			PIC X.
   495		      10  DFHSBA			PIC X.
   496       *                                              x'11'
   497		  05  DFHEUA-VAL VALUE 018		PIC S9(4) COMP-4.
   498		  05  FILLER REDEFINES DFHEUA-VAL.
   499		      10  FILLER			PIC X.
   500		      10  DFHEUA			PIC X.
   501       *                                              x'12'
   502		  05  DFHIC-VAL VALUE 019		PIC S9(4) COMP-4.
   503		  05  FILLER REDEFINES DFHIC-VAL.
   504		      10  FILLER			PIC X.
   505		      10  DFHIC 			PIC X.
   506       *                                              X'13'.
   507		  05  DFHSF-VAL VALUE 029		PIC S9(4) COMP-4.
   508		  05  FILLER REDEFINES DFHSF-VAL.
   509		      10  FILLER			PIC X.
   510		      10  DFHSF 			PIC X.
   511       *                                              X'1D'.
   512		  05  DFHPT-VAL VALUE 005		PIC S9(4) COMP-4.
   513		      88 DFHPT-VAL-EBCDIC		VALUE 5.
   514		      88 DFHPT-VAL-ASCII		VALUE 9.
   515		  05  FILLER REDEFINES DFHPT-VAL.
   516		      10  FILLER			PIC X.
   517		      10  DFHPT 			PIC X.
   518       *                                              EBCDIC X'05'.
   519       *                                              ASCII  X'09'.
   520		  05  DFHRA-VAL VALUE 060		PIC S9(4) COMP-4.
   521		      88 DFHRA-VAL-EBCDIC		VALUE 60.
   522		      88 DFHRA-VAL-ASCII		VALUE 20.
   523		  05  FILLER REDEFINES DFHRA-VAL.
   524		      10  FILLER			PIC X.
   525		      10  DFHRA 			PIC X.
   526       *                                              EBCDIC x'3C'
   527       *                                              ASCII  x'14'
   528		  05  DFHSFE-VAL VALUE 041		PIC S9(4) COMP-4.
   529		      88 DFHSFE-VAL-EBCDIC		VALUE 41.
   530		      88 DFHSFE-VAL-ASCII		VALUE 31.
   531		  05  FILLER REDEFINES DFHSFE-VAL.
   532		      10  FILLER			PIC X.
   533		      10  DFHSFE			PIC X.
   534       *                                              EBCDIC x'29'
   535       *                                              ASCII  x'1F'
   536		  05  DFHMF-VAL VALUE 044		PIC S9(4) COMP-4.
   537		      88 DFHMF-VAL-EBCDIC		VALUE 44.
   538		      88 DFHMF-VAL-ASCII		VALUE 23.
   539		  05  FILLER REDEFINES DFHMF-VAL.
   540		      10  FILLER			PIC X.
   541		      10  DFHMF 			PIC X.
   542       *                                              EBCDIC x'2C'
   543       *                                              ASCII  x'17'
   544	     *
   545	     ******************************************************************
   546	     *	  unsupported 327X Data Stream order codes   547	     *
   548		  05  DFHSA-VAL VALUE 040		PIC S9(4) COMP-4.
   549		      88 DFHSA-VAL-EBCDIC		VALUE 40.
   550		      88 DFHSA-VAL-ASCII		VALUE 21.
   551		  05  FILLER REDEFINES DFHSA-VAL.
   552		      10  FILLER			PIC X.
   553		      10  DFHSA 			PIC X.
   554       *                                              EBCDIC x'28'
   555       *                                              ASCII  x'15'
   556		  05  DFHGE-VAL VALUE 008		PIC S9(4) COMP-4.
   557		  05  FILLER REDEFINES DFHGE-VAL.
   558		      10  FILLER			PIC X.
   559		      10  DFHGE 			PIC X.
   560       *                                              X'08'.
   561	     *
   562	     ******************************************************************
   563	     *	  SFE and MF supported attribute types
   564	     *
   565            05  DFHCOLOR                          PIC X VALUE 'ƒ'.
   566       *                                              EBCDIC x'42'
   567       *                                              ASCII  x'83'
   568            05  DFHHLT                            PIC X VALUE 'Ö'.
   569       *                                              EBCDIC x'41'
   570       *                                              ASCII  x'D6'
   571            05  DFH3270                           PIC X VALUE '{'.
   572	     *
   573	     *	  supported for SEND TEXT command and printer terminal
   574	     *
   575		  05  DFHBMPNL-VAL VALUE 021		PIC S9(4) COMP-4.
   576		      88 DFHBMPNL-VAL-EBCDIC		VALUE 21.
   577		      88 DFHBMPNL-VAL-ASCII		VALUE 10.
   578		  05  FILLER REDEFINES DFHBMPNL-VAL.
   579		      10  FILLER			PIC X.
   580		      10  DFHBMPNL			PIC X.
   581       *                                              EBCDIC X'15'.
   582       *                                              ASCII  X'0A'.
   583	     *
   584	     ******************************************************************
   585	     *	  Printer terminal data stream only
   586	     *
   587		  05  DFHBMPFF-VAL VALUE 012		PIC S9(4) COMP-4.
   588		  05  FILLER REDEFINES DFHBMPFF-VAL.
   589		      10  FILLER			PIC X.
   590		      10  DFHBMPFF			PIC X.
   591       *                                              X'0C'.
   592		  05  DFHBMPCR-VAL VALUE 013		PIC S9(4) COMP-4.
   593		  05  FILLER REDEFINES DFHBMPCR-VAL.
   594		      10  FILLER			PIC X.
   595		      10  DFHBMPCR			PIC X.
   596       *                                              X'0D'.
   597		  05  DFHBMPEM-VAL VALUE 025		PIC S9(4) COMP-4.
   598		  05  FILLER REDEFINES DFHBMPEM-VAL.
   599		      10  FILLER			PIC X.
   600		      10  DFHBMPEM			PIC X.
   601       *                                              X'19'.
   602	     *
   603	     ******************************************************************
   604	     *	  unsupported Miscellaneous attributes and constants
   605	     *
   606		  05  DFHALL				PIC X VALUE LOW-VALUES.   607            05  DFHBASE                           PIC X VALUE '0'.
   608		  05  DFHBMDET				PIC X VALUE LOW-VALUES.
   609		  05  DFHBMPSOSI-VAL VALUE 3599 	PIC S9(4) COMP-4.
   610		  05  FILLER REDEFINES DFHBMPSOSI-VAL.
   611		      10  DFHBMPSO			PIC X.
   612       *                                              X'0E'.
   613		      10  DFHBMPSI			PIC X.
   614       *                                              X'0F'.
   615		  05  DFHDFT VALUE HIGH-VALUES		PIC X.
   616            05  DFHERROR                          PIC X VALUE '¶'.
   617       *                                              EBCDIC X'1A'.
   618       *                                              ASCII  X'B6'.
   619            05  DFHFIL                            PIC X VALUE '4'.
   620            05  DFHMENT                           PIC X VALUE '2'.
   621            05  DFHMET                            PIC X VALUE '3'.
   622            05  DFHMFE                            PIC X VALUE '6'.
   623            05  DFHMFET                           PIC X VALUE '7'.
   624            05  DFHMFT                            PIC X VALUE '5'.
   625            05  DFHMT                             PIC X VALUE '1'.
   626            05  DFHOUTLN                          PIC X VALUE 'B'.
   627            05  DFHPS                             PIC X VALUE '„'.
   628       *                                              EBCDIC x'43'
   629       *                                              ASCII  x'84'
   630            05  DFHVAL                            PIC X VALUE 'A'.
   631	     *
   632		  05  DFHSUB-VAL   VALUE 063		PIC S9(4) COMP-4.
   633		      88 DFHSUB-VAL-EBCDIC		VALUE 63.
   634		      88 DFHSUB-VAL-ASCII		VALUE 26.
   635		  05  FILLER REDEFINES DFHSUB-VAL.
   636		      10  FILLER			PIC X.
   637		      10  DFHSUB			PIC X.
   638       *                                              EBCDIC X'3F'.
   639       *                                              ASCII  X'1A'.
   640	     *
   641		  05  DFHFM-VAL    VALUE 030		PIC S9(4) COMP-4.
   642		  05  FILLER REDEFINES DFHFM-VAL.
   643		      10  FILLER			PIC X.
   644		      10  DFHFM 			PIC X.
   645       *                                              EBCDIC X'1E'.
   646		  05  DFHEO VALUE HIGH-VALUE		PIC X.
   648		  COPY DFHAID.
   650	      01  DFHAID.
   651	     *
   652	     * CA-Realia CICS 6.0 Computer Associates International, Inc.
   653	     *
   654	     * Revision Information
   655	     * ^{File:dfhaid.cob  }
   656	     * ^{Timestamp:Thu May 15 14:02:52 1997}
   657	     * ^{Revision:2.0}
   658	     *
   659	     *This is the AID constants copy file
   660	     *
   661            05  DFHENTER                  PIC X VALUE ''''.
   662	     *					value APOST
   663            05  DFHCLEAR                  PIC X VALUE '_'.
   664            05  DFHPA1                    PIC X VALUE '%'.
   665            05  DFHPA2                    PIC X VALUE '>'.
   666            05  DFHPA3                    PIC X VALUE ','.
   667            05  DFHPF1                    PIC X VALUE '1'.
   668            05  DFHPF2                    PIC X VALUE '2'.   669            05  DFHPF3                    PIC X VALUE '3'.
   670            05  DFHPF4                    PIC X VALUE '4'.
   671            05  DFHPF5                    PIC X VALUE '5'.
   672            05  DFHPF6                    PIC X VALUE '6'.
   673            05  DFHPF7                    PIC X VALUE '7'.
   674            05  DFHPF8                    PIC X VALUE '8'.
   675            05  DFHPF9                    PIC X VALUE '9'.
   676            05  DFHPF10                   PIC X VALUE ':'.
   677            05  DFHPF11                   PIC X VALUE '#'.
   678            05  DFHPF12                   PIC X VALUE '@'.
   679            05  DFHPF13                   PIC X VALUE 'A'.
   680            05  DFHPF14                   PIC X VALUE 'B'.
   681            05  DFHPF15                   PIC X VALUE 'C'.
   682            05  DFHPF16                   PIC X VALUE 'D'.
   683            05  DFHPF17                   PIC X VALUE 'E'.
   684            05  DFHPF18                   PIC X VALUE 'F'.
   685            05  DFHPF19                   PIC X VALUE 'G'.
   686            05  DFHPF20                   PIC X VALUE 'H'.
   687            05  DFHPF21                   PIC X VALUE 'I'.
   688            05  DFHPF22                   PIC X VALUE '›'.
   689       *                                  EBCDIC Cent sign x'4A'
   690       *                                  ASCII  Cent sign x'9B'
   691            05  DFHPF23                   PIC X VALUE '.'.
   692            05  DFHPF24                   PIC X VALUE '<'.
   693            05  DFHOPID                   PIC X VALUE 'W'.
   694            05  DFHMSRE                   PIC X VALUE 'X'.
   695            05  DFHTRIG                   PIC X VALUE '"'.
   696       *                                        value QUOTE  "
   697            05  DFHPEN                    PIC X VALUE '='.
   698            05  DFHCLRP                   PIC X VALUE 'Ý'.
   699       *                                  EBCDIC x'6A'
   700       *                                  ASCII  x'DD'
   701            05  DFHSTRF                   PIC X VALUE 'h'.
   702	     *	  DFHQUIT is a CA-Realia CICS Extension
   703	     *	  It is set by using <Ctrl>+C or <Ctrl>+<Break> Keys
   704            05  DFHQUIT                   PIC X VALUE '!'.
   705		  05  DFHNULL			PIC X VALUE LOW-VALUE.
   707
   708        01  WS-CURRENT-MAP                    PIC X(7) VALUE 'SM01S'.
   709	      01  WS-REC-LENGTH 			PIC S9(4)
   710		  COMP VALUE +228.
   711	      01  WS-QNAME				PIC X(08).
   712	      01  WS-KEYB.
   713		  05 WS-KEYB6			PIC X(06) VALUE LOW-VALUES.
   714		  05 FILLER REDEFINES WS-KEYB6.
   715		     10 FILLER			PIC X(03).
   716		     10 WS-KEYB3		PIC 9(03).
   717		  05 WS-KEYB1			PIC X(01) VALUE HIGH-VALUES.
   718	      01  WS-STF-REC.
   719		  05 WS-TICKET-ID			PIC 9(07).
   720		  05 WS-TIX-ID				REDEFINES WS-TICKET-ID.
   721		     10 WS-T-ID 			PIC X(06).
   722		     10 FILLER				PIC X.
   723		  05 WS-TICKET-REQ			PIC X(08).
   724		  05 WS-TICKET-STAT			PIC X(10).
   725		  05 WS-TICKET-TITLE			PIC X(25).
   726		  05 WS-TICKET-DESC			PIC X(100).
   727		  05 WS-LAST-UPD			PIC X(20).
   728		  05 WS-UPD-BY				PIC X(08).
   729		  05 WS-UPD-REMARKS			PIC X(50).   730	      01  WS-STF-REC2.
   731		  05 WS-STF-REQ2			OCCURS 11 PIC X(08).
   732	     *01  WS-REC.
   733	     *	  05 WS-USERID.
   734	     *	     10  WS-USERID7			PIC X(7).
   735	     *	     10  FILLER 			PIC X(1).
   736	     *	  05 WS-TYPE.
   737	     *	     10  WS-REQUESTOR			PIC X.
   738	     *	     10  WS-ADMIN			PIC X.
   739	     *	     10  WS-APPROVER			PIC X.
   740	     *	     10  WS-SERVICE			PIC X.
   741	     *	  05 WS-UPDATEDBY			PIC X(8).
   742	      01  WS-TIME				PIC 9(15) COMP-3.
   743	      01  WS-DATE				PIC 9(7).
   744	      01  WS-DATE-X REDEFINES WS-DATE		PIC X(7).
   745	      01  WS-LENGTH				PIC S9(4) COMP.
   746	      01  WS-FLAGS.
   747            05 WS-FLAG                            PIC X    VALUE 'N'.
   748            05 WS-PAGE-CHANGED                    PIC X VALUE 'N'.
   749	      01  WS-SELECTED-VALUE			PIC X.
   750	      01  WS-COUNTERS.
   751		  05 WS-INDEX				PIC 9(02).
   752		  05 WS-I				PIC 9(02).
   753		  05 WS-SELECT-COUNT			PIC 9.
   754		  05 WS-PAGE-UPDOWN			PIC 9(02).
   755
   756
   757	      01  WS-ERRMSGS.
   758		  05 WS-INVALID-ACCESS			PIC X(15) VALUE
   759               'INVALID ACCESS'.
   760		  05 WS-INVALID-PGMID			PIC X(20) VALUE
   761               'INVALID USER ACCESS'.
   762		  05 WS-MAPFAIL 			PIC X(20) VALUE
   763               'MAPFAIL ERROR'.
   764		  05 WS-INVALID-TIX-ACC 		PIC X(34) VALUE
   765               'INVALID ACCESS TO SELECTED TICKET'.
   766		  05 WS-FIELD-REQ			PIC X(24) VALUE
   767               'OPTION FIELD IS REQUIRED'.
   768		  05 WS-FIRST-PAGE			PIC X(23) VALUE
   769               'THIS IS THE FIRST PAGE'.
   770		  05 WS-LAST-PAGE			PIC X(21) VALUE
   771               'THIS IS THE LAST PAGE'.
   772		  05 WS-INVALID-VALUE			PIC X(46) VALUE
   773               'INVALID VALUE. PLEASE CORRECT HIGHLIGHT FIELDS'.
   774		  05 WS-INVALID-PFKEY			PIC X(21) VALUE
   775                'INAVLID PFKEY PRESSED'.
   776		  05 WS-MULTIPLE-SELECT 		PIC X(31) VALUE
   777                'NO MULTIPLE SELECTED IS ALLOWED'.
   778		  05 WS-SELECT-OPTION			PIC X(29) VALUE
   779               'SELECT TICKET AND PRESS ENTER'.
   780
   781	      77 WS-RETNCODE				PIC S9(8) COMP.
   782	      77 WS-RETNCODE2				PIC S9(8) COMP.
   783	      01  WS-LASTPAGE				PIC X(1).
   784	      01  WS-FIRSTPAGE				PIC X(1).
   785	      01  WS-PAGE-CTR				PIC 9(02).
   786
   787	      01  WS-COMMAREA.
   788		  05 WS-PGMID				PIC X(06).
   789		  05 WS-STATE				PIC X.   790		  05 WS-TICKET-PASSED			PIC X(07).
   791		  05 USERID.
   792		     10  USERID7			PIC X(7).
   793		     10  FILLER 			PIC X(1).
   794		  05 USR-TYPE.
   795		    15 USR-REQUESTOR			PIC X.
   796		    15 USR-ADMIN			PIC X.
   797		    15 USR-APPROVER			PIC X.
   798		    15 USR-SERVICE			PIC X.
   799		  05 WS-STF01-REC.
   800		     10 WS-STF01-ID			PIC X(07).
   801		     10 FILL1				PIC X(03).
   802		     10 WS-STF01-TITLE			PIC X(25).
   803		     10 FILL2				PIC X(01).
   804		     10 WS-STF01-STATUS 		PIC X(10).
   805		     10 FILL3				PIC X(04).
   806		     10 WS-STF01-LAST-UPD		PIC X(10).
   807		     10 FILL4				PIC X(02).
   808		     10 WS-STF01-LAST-UPDBY		PIC X(8).
   809		     10 WS-STF01-REQ			PIC X(8).
   810		  05 WS-PGMNAME 			PIC  X(6).
   811		  05 WS-DFHSTATE			PIC X(15).
   812		  05 WS-TRANS				PIC X(04).
   813		  05 WS-LUSER				PIC 9(03).
   814		  05 WS-FUSER				PIC X(07).
   815		  05 WS-PAGE				PIC 9(02).
   816		  05 WS-PAGE-END			PIC 9(01).
   817		  05 WS-QITEM				PIC S9(4) COMP.
   818		  05 WS-QITEM-START			PIC S9(4) COMP.
   819		  05 WS-QITEM-END			PIC S9(4) COMP.
   820		  05 WS-QITEM-PAGE			PIC S9(4) COMP.
   821		  05 WS-PAGES.
   822		     10 WS-PREV-PAGE			   PIC X(02).
   823		     10 PREV-PAGE REDEFINES WS-PREV-PAGE   PIC 9(02).
   824		     10 WS-CURR-PAGE			   PIC X(02).
   825		     10 CURR-PAGE REDEFINES WS-CURR-PAGE   PIC 9(02).
   826		     10 WS-TOTAL-QITEM			   PIC 9(02).
   827		     10 WS-MAX-PAGE			   PIC 9(02).
   828	     *----------------------------------------------------------------*
   829	     *				LINKAGE SECTION 		      *
   830	     *----------------------------------------------------------------*
   831	      LINKAGE SECTION.
   833	      01  DFHEIBLK.						       R
   834		  05 EIBTIME  PIC S9(7) COMP-3. 			       R
   835		  05 EIBDATE  PIC S9(7) COMP-3. 			       R
   836		  05 EIBTRNID PIC X(4). 				       R
   837		  05 EIBTASKN PIC S9(7) COMP-3. 			       R
   838		  05 EIBTRMID PIC X(4). 				       R
   839		  05 DFHEIGDI PIC S9(4) COMP-4. 			       R
   840		  05 EIBCPOSN PIC S9(4) COMP-4. 			       R
   841		  05 EIBCALEN PIC S9(4) COMP-4. 			       R
   842		  05 EIBAID   PIC X.					       R
   843		  05 EIBFN    PIC X(2). 				       R
   844		  05 EIBRCODE PIC X(6). 				       R
   845		  05 EIBDS    PIC X(8). 				       R
   846		  05 EIBREQID PIC X(8). 				       R
   847		  05 EIBRSRCE PIC X(8). 				       R
   848		  05 EIBSYNC  PIC X.					       R
   849		  05 EIBFREE  PIC X.					       R
   850		  05 EIBRECV  PIC X.					       R   851		  05 EIBSEND  PIC X.					       R
   852		  05 EIBATT   PIC X.					       R
   853		  05 EIBEOC   PIC X.					       R
   854		  05 EIBFMH   PIC X.					       R
   855		  05 EIBCOMPL PIC X.					       R
   856		  05 EIBSIG   PIC X.					       R
   857		  05 EIBCONF  PIC X.					       R
   858		  05 EIBERR   PIC X.					       R
   859		  05 EIBERRCD PIC X(4). 				       R
   860		  05 EIBSYNRB PIC X.					       R
   861		  05 EIBNODAT PIC X.					       R
   862		  05 EIBRESP  PIC S9(8) COMP-4. 			       R
   863		  05 EIBRESP2 PIC S9(8) COMP-4. 			       R
   864		  05 EIBRLDBK PIC X.					       R
   865		  05 EIBCARESERVED PIC X(32).				       R
   867	      01  DFHCOMMAREA.
   868		  05 DF-PGMID				PIC X(06).
   869		  05 DF-STATE				PIC X.
   870		  05 DF-TICKET-PASSED			PIC X(07).
   871		  05 DF-USERID.
   872		     10  DF-USERID7			PIC X(7).
   873		     10  FILLER 			PIC X(1).
   874		  05 DF-USR-TYPE.
   875		    15 DF-USR-REQUESTOR 		PIC X.
   876		    15 DF-USR-ADMIN			PIC X.
   877		    15 DF-USR-APPROVER			PIC X.
   878		    15 DF-USR-SERVICE			PIC X.
   879		  05 DF-STF01-REC.
   880		     10 DF-STF01-ID			PIC X(07).
   881		     10 DF-FILLER			PIC X(03).
   882		     10 DF-STF01-TITLE			PIC X(25).
   883		     10 DF-FILLER			PIC X(01).
   884		     10 DF-STF01-STATUS 		PIC X(10).
   885		     10 DF-FILLER			PIC X(04).
   886		     10 DF-STF01-LAST-UPD		PIC X(10).
   887		     10 DF-FILLER4			PIC X(02).
   888		     10 DF-STF01-LAST-UPDBY		PIC X(8).
   889		     10 DF-STF01-REQ			PIC X(8).
   890		  05 DF-PGMNAME 			PIC X(6).
   891		  05 DFHSTATE				PIC X(15).
   892		  05 DF-TRANS				PIC X(04).
   893		  05 DF-LUSER				PIC 9(03).
   894		  05 DF-FUSER				PIC X(07).
   895		  05 DF-PAGE				PIC 9(02).
   896		  05 DF-PAGE-END			PIC 9(01).
   897		  05 DF-QITEM				PIC S9(4) COMP.
   898		  05 DF-QITEM-START			PIC S9(4) COMP.
   899		  05 DF-QITEM-END			PIC S9(4) COMP.
   900		  05 DF-QITEM-PAGE			PIC S9(4) COMP.
   901		  05 DF-PAGES.
   902		     10 DF-PREV-PAGE			   PIC X(02).
   903		     10 PREV REDEFINES DF-PREV-PAGE	   PIC 9(02).
   904		     10 DF-CURR-PAGE			   PIC X(02).
   905		     10 CURR REDEFINES DF-CURR-PAGE	   PIC 9(02).
   906		     10 DF-TOTAL-QITEM			   PIC 9(02).
   907		     10 DF-MAX-PAGE			   PIC 9(02).
   908
   909	      PROCEDURE DIVISION					       R
   911		  USING DFHEIBLK DFHCOMMAREA.				       R
   936	      100-MAIN.   937		  MOVE DFHCOMMAREA TO WS-COMMAREA
   938		  STRING EIBTRMID DELIMITED BY SIZE
   939                      'SM01' DELIMITED BY SIZE
   940			 INTO WS-QNAME
   942		  EXEC CICS
   943		    IGNORE CONDITION ERROR
   944		  END-EXEC
   959
   960            IF WS-PGMID = 'SM000' OR WS-PGMID = 'SM001' OR
   961               WS-PGMID = 'SM002' OR WS-PGMID = 'SM003' OR
   962               WS-PGMID = 'SM004' OR WS-PGMID = 'SM005' OR
   963               WS-PGMID = 'SM006'
   964		      IF WS-STATE NOT = LOW-VALUES
   965			 PERFORM 200-REC-MAP
   966		      ELSE
   967			  MOVE WS-SELECT-OPTION TO ERRMSG1O
   968			  MOVE 1 TO WS-STATE
   969			  MOVE 1 TO WS-PAGE
   970			  MOVE WS-PAGE TO PAGEO
   971			  PERFORM 900-MOVE-FILES-TO-Q
   972			  PERFORM 600-MOVE-Q-TO-SCREEN
   973			  PERFORM 111-CREATE-MAP
   974		      END-IF
   975		  ELSE
   976		      MOVE SPACES TO ERRMSG1O
   977		      MOVE LENGTH OF WS-INVALID-ACCESS TO WS-LENGTH
   979		      EXEC CICS SEND TEXT
   980			      FROM (WS-INVALID-ACCESS)
   981			      LENGTH (WS-LENGTH)
   982			      ERASE
   983			 END-EXEC
  1014		      EXEC CICS RETURN
  1015		      END-EXEC
  1028		  END-IF.
  1029
  1030	      100-EXIT.
  1031		  EXIT.
  1032
  1033	      110-DATE-TIME.
  1034		  MOVE EIBDATE TO WS-DATE.
  1035		  MOVE WS-DATE-X TO DATE1O.
  1037		  EXEC CICS ASKTIME
  1038		       ABSTIME	  (WS-TIME)
  1039		  END-EXEC
  1058		  EXEC CICS FORMATTIME
  1059		       ABSTIME	  (WS-TIME)
  1060                 DATESEP    ('/')
  1061		       MMDDYYYY   (DATE1O)
  1062		       TIME	  (TIME1O)
  1063                 TIMESEP    (':')
  1064		  END-EXEC
  1104		  MOVE DFHBMASB TO TIME1A
  1105		  MOVE DFHBMASB TO DATE1A.
  1106	      110-EXIT.
  1107		  EXIT.
  1108
  1109	      111-CREATE-MAP.
  1110		  PERFORM 110-DATE-TIME
  1111		  MOVE DFHUNIMD TO TITLEA
  1112		  MOVE DFHUNIMD TO STATUSA  1113
  1114		  MOVE LENGTH OF SM001MO TO WS-LENGTH
  1116		  EXEC CICS SEND
  1117                 MAP('SM001M')
  1118                 MAPSET('SM01S')
  1119		       FROM(SM001MO)
  1120		       LENGTH(WS-LENGTH)
  1121		       CURSOR
  1122		       ERASE
  1123		  END-EXEC
  1169		  EXEC CICS RETURN
  1170                 TRANSID('SM01')
  1171		       COMMAREA(WS-COMMAREA)
  1172		  END-EXEC.
  1197	      110-EXIT.
  1198		  EXIT.
  1199
  1200	      200-REC-MAP.
  1202		  EXEC CICS RECEIVE
  1203                 MAP('SM001M')
  1204                 MAPSET('SM01S')
  1205		       INTO (SM001MI)
  1206		  END-EXEC
  1239	     *	  IF EIBRESP = DFHRESP(MAPFAIL)
  1240	     *	     MOVE WS-INVALID-PFKEY TO ERRMSG1O
  1241	     *	     PERFORM 600-MOVE-Q-TO-SCREEN
  1242	     *	     PERFORM 111-CREATE-MAP
  1243	     *	  END-IF
  1244		     PERFORM 500-CHECK-EIBAID
  1245		     PERFORM 600-MOVE-Q-TO-SCREEN
  1246		     PERFORM 111-CREATE-MAP.
  1247	      200-EXIT.
  1248		  EXIT.
  1249
  1250	      530-PAGE-UP-ENTER.
  1251		  IF WS-QITEM-PAGE > WS-QITEM-END
  1252		     SUBTRACT 11 FROM WS-QITEM-PAGE
  1253		     MOVE WS-LAST-PAGE TO ERRMSG1O
  1254		  ELSE
  1255		     MOVE WS-SELECT-OPTION TO
  1256		      ERRMSG1O
  1257		     MOVE CURR-PAGE TO WS-PAGE
  1258		     MOVE WS-PAGE TO PAGEO
  1259		     PERFORM 600-MOVE-Q-TO-SCREEN
  1260		  END-IF
  1261		  PERFORM 111-CREATE-MAP.
  1262	      530-EXIT.
  1263		  EXIT.
  1264
  1265	      540-PAGEDOWN-ENTER.
  1266		  IF WS-QITEM-PAGE = WS-QITEM-START OR
  1267		     WS-QITEM-PAGE <  WS-QITEM-START
  1268		     MOVE WS-FIRST-PAGE TO ERRMSG1O
  1269		     MOVE 1 TO WS-PAGE
  1270		     MOVE WS-QITEM-START TO WS-QITEM-PAGE
  1271		  ELSE
  1272		    SUBTRACT CURR-PAGE FROM WS-PAGE
  1273		    MOVE WS-PAGE TO PAGEO
  1274		  END-IF
  1275		  MOVE WS-PAGE TO PAGEO  1276		  PERFORM 600-MOVE-Q-TO-SCREEN
  1277		  PERFORM 111-CREATE-MAP.
  1278	      540-EXIT.
  1279		  EXIT.
  1280
  1281	      500-CHECK-EIBAID.
  1282		  EVALUATE EIBAID
  1283		  WHEN DFHCLEAR
  1284		       MOVE WS-INVALID-PFKEY TO ERRMSG1O
  1285		       PERFORM 600-MOVE-Q-TO-SCREEN
  1286		       PERFORM 111-CREATE-MAP
  1287		  WHEN DFHPF2
  1288                 IF USR-REQUESTOR  = 'Y'
  1289	     *		  MOVE LENGTH OF WS-COMMAREA TO WS-LENGTH
  1291			  EXEC CICS XCTL
  1292                         PROGRAM ('SM002')
  1293			       COMMAREA (WS-COMMAREA)
  1294			       LENGTH (+26)
  1295			  END-EXEC
  1325		       ELSE
  1326			  MOVE WS-INVALID-ACCESS TO ERRMSG1O
  1327		       END-IF
  1328		  WHEN DFHPF3
  1329		       MOVE LENGTH OF WS-COMMAREA TO WS-LENGTH
  1330                 MOVE 'SM001' TO WS-PGMID
  1331		       MOVE LOW-VALUES TO WS-STATE
  1333		       EXEC CICS
  1334			   SEND CONTROL
  1335			   ERASE
  1336		       END-EXEC
  1356		       EXEC CICS DELETEQ TS
  1357			    QUEUE(WS-QNAME)
  1358		       END-EXEC
  1378		       EXEC CICS XCTL
  1379                      PROGRAM('SM000')
  1380		       END-EXEC
  1399		  WHEN DFHPF5
  1400                 MOVE 'PF5 PRESSED' TO ERRMSG1O
  1401		  WHEN DFHPF7
  1402		       PERFORM 510-PF7-PAGE-UP
  1403
  1404		  WHEN DFHPF8
  1405		       PERFORM 520-PF8-PAGE-DOWN
  1406
  1407		  WHEN DFHPF12
  1408		       PERFORM VARYING WS-INDEX FROM 1 BY 1 UNTIL WS-INDEX > 11
  1409			  MOVE LOW-VALUES TO DETL-SELECTI(WS-INDEX)
  1410		       END-PERFORM
  1411		       PERFORM 600-MOVE-Q-TO-SCREEN
  1412		       PERFORM 111-CREATE-MAP
  1413		  WHEN DFHENTER
  1414       *         IF WS-PAGE-CHANGED = 'Y'
  1415	     *		  PERFORM 550-PAGE-CHANGED
  1416	     *	       ELSE
  1417		       PERFORM 550-PAGE-CHANGED
  1418
  1419	     *	       END-IF
  1420		  WHEN OTHER
  1421                 MOVE 'INAVLID PFKEY PRESSED' TO ERRMSG1O
  1422		       PERFORM 600-MOVE-Q-TO-SCREEN  1423		       PERFORM 111-CREATE-MAP
  1424		  END-EVALUATE
  1425             MOVE 'N' TO WS-PAGE-CHANGED.
  1426	      500-EXIT.
  1427		  EXIT.
  1428
  1429	      510-PF7-PAGE-UP.
  1430		  SUBTRACT 11 FROM WS-QITEM-PAGE
  1431		  IF WS-QITEM-PAGE = WS-QITEM-START OR
  1432		     WS-QITEM-PAGE <  WS-QITEM-START
  1433		     MOVE WS-FIRST-PAGE TO ERRMSG1O
  1434		     MOVE 1 TO WS-PAGE
  1435		     MOVE WS-QITEM-START TO WS-QITEM-PAGE
  1436		  ELSE
  1437		    MOVE WS-SELECT-OPTION TO ERRMSG1O
  1438		    SUBTRACT 1 FROM WS-PAGE
  1439		    MOVE WS-PAGE TO PAGEO
  1440		  END-IF
  1441		  MOVE WS-PAGE TO PAGEO
  1442		  PERFORM 600-MOVE-Q-TO-SCREEN
  1443		  PERFORM 111-CREATE-MAP.
  1444	      510-EXIT.
  1445		  EXIT.
  1446
  1447
  1448	      520-PF8-PAGE-DOWN.
  1449		  ADD 11 TO WS-QITEM-PAGE
  1450		  IF WS-QITEM-PAGE > WS-QITEM-END
  1451		     SUBTRACT 11 FROM WS-QITEM-PAGE
  1452		     MOVE WS-LAST-PAGE TO ERRMSG1O
  1453		  ELSE
  1454		     MOVE WS-SELECT-OPTION TO ERRMSG1O
  1455		     ADD 1 TO WS-PAGE
  1456		     MOVE WS-PAGE TO PAGEO
  1457		     PERFORM 600-MOVE-Q-TO-SCREEN
  1458		  END-IF.
  1459		  PERFORM 111-CREATE-MAP.
  1460	      520-EXIT.
  1461		  EXIT.
  1462
  1463	      550-PAGE-CHANGED.
  1464		  MOVE PAGEI TO WS-CURR-PAGE
  1465		  IF CURR-PAGE IS NUMERIC
  1466		     PERFORM VARYING WS-INDEX FROM 1 BY 1 UNTIL
  1467			     WS-INDEX > WS-MAX-PAGE
  1468		       IF CURR-PAGE = WS-INDEX
  1469			  SUBTRACT PREV-PAGE FROM CURR-PAGE GIVING
  1470				   WS-PAGE-UPDOWN
  1471			  EVALUATE TRUE
  1472			   WHEN CURR-PAGE > PREV-PAGE
  1473			     IF WS-PAGE-UPDOWN = 1
  1474				ADD 11 TO WS-QITEM-PAGE
  1475				PERFORM 530-PAGE-UP-ENTER
  1476                           MOVE 'Y' TO WS-PAGE-CHANGED
  1477			     ELSE
  1478				MOVE 1 TO WS-I
  1479				PERFORM UNTIL WS-I = CURR-PAGE
  1480					ADD 11 TO WS-QITEM-PAGE
  1481					ADD 1 TO WS-I
  1482				END-PERFORM  1483				PERFORM 530-PAGE-UP-ENTER
  1484                           MOVE 'Y' TO WS-PAGE-CHANGED
  1485			     END-IF
  1486			   WHEN CURR-PAGE < PREV-PAGE
  1487			     IF WS-PAGE-UPDOWN = 1
  1488				SUBTRACT 11 FROM WS-QITEM-PAGE
  1489			       PERFORM 540-PAGEDOWN-ENTER
  1490                          MOVE 'Y' TO WS-PAGE-CHANGED
  1491			     ELSE
  1492				MOVE PREV-PAGE TO WS-I
  1493				PERFORM UNTIL WS-I = CURR-PAGE
  1494					SUBTRACT 11 FROM WS-QITEM-PAGE
  1495					SUBTRACT 1 FROM WS-I
  1496				END-PERFORM
  1497				PERFORM 540-PAGEDOWN-ENTER
  1498                           MOVE 'Y' TO WS-PAGE-CHANGED
  1499			     END-IF
  1500			   WHEN OTHER
  1501				PERFORM 560-CHECK-OPTION-FIELDS
  1502			  END-EVALUATE
  1503		       END-IF
  1504		     END-PERFORM
  1505		  ELSE
  1506		      PERFORM 600-MOVE-Q-TO-SCREEN
  1507		      PERFORM 111-CREATE-MAP
  1508		  END-IF.
  1509	      550-EXIT.
  1510		  EXIT.
  1511
  1512	      560-CHECK-OPTION-FIELDS.
  1513		  PERFORM 600-MOVE-Q-TO-SCREEN
  1514		  MOVE 1 TO WS-INDEX
  1515		  MOVE 0 TO WS-SELECT-COUNT
  1516		  PERFORM UNTIL WS-INDEX > 11
  1517               IF DETL-SELECTI(WS-INDEX) NOT = '-' AND
  1518			DETL-SELECTI(WS-INDEX) NOT = SPACES AND
  1519			DETL-SELECTI(WS-INDEX) NOT = LOW-VALUES
  1520                  IF DETL-SELECTI(WS-INDEX) = 'U' OR
  1521                     DETL-SELECTI(WS-INDEX) = 'C' OR
  1522                     DETL-SELECTI(WS-INDEX) = 'A' OR
  1523                     DETL-SELECTI(WS-INDEX) = 'X'
  1524			   ADD 1 TO WS-SELECT-COUNT
  1525			   MOVE DETL-SELECTI(WS-INDEX) TO WS-SELECTED-VALUE
  1526			   MOVE DETL-DETAILI(WS-INDEX) TO WS-STF01-REC
  1527			   MOVE WS-STF-REQ2(WS-INDEX)  TO WS-STF01-REQ
  1528			ELSE
  1529			   MOVE DFHUNIMD TO DETL-SELECTA(WS-INDEX)
  1530			   MOVE -1 TO DETL-SELECTL(WS-INDEX)
  1531			   MOVE WS-INVALID-VALUE TO ERRMSG1O
  1532			   PERFORM 600-MOVE-Q-TO-SCREEN
  1533			   PERFORM 111-CREATE-MAP
  1534			END-IF
  1535		      IF WS-SELECT-COUNT = 1 OR 0
  1536			 EVALUATE WS-SELECTED-VALUE
  1537                    WHEN 'U'
  1538                        IF WS-STF01-STATUS = 'APPROVED' OR
  1539                           'ONGOING'
  1540                           IF USR-REQUESTOR = 'Y'  OR
  1541                              USR-SERVICE = 'Y'
  1542				    IF WS-STF01-REQ = USERID  1543				       MOVE LENGTH OF WS-COMMAREA TO
  1544					 WS-LENGTH
  1546				       EXEC CICS LINK
  1547                                      PROGRAM ('SM003')
  1548					    COMMAREA (WS-COMMAREA)
  1549					    LENGTH (WS-LENGTH)
  1550				       END-EXEC
  1581                                 MOVE 'SM003' TO ERRMSG1O
  1582				    ELSE
  1583				       MOVE WS-INVALID-TIX-ACC TO ERRMSG1O
  1584				    END-IF
  1585				 ELSE
  1586				     MOVE WS-INVALID-TIX-ACC TO ERRMSG1O
  1587				 END-IF
  1588			      ELSE
  1589				  MOVE WS-INVALID-TIX-ACC TO ERRMSG1O
  1590			      END-IF
  1591                    WHEN 'C'
  1592                         IF WS-STF01-STATUS = 'COMPLETED'
  1593				  IF WS-STF01-REQ = USERID
  1594				     MOVE LENGTH OF WS-COMMAREA
  1595					  TO WS-LENGTH
  1597				     EXEC CICS LINK
  1598                                    PROGRAM ('SM004')
  1599					  COMMAREA (WS-COMMAREA)
  1600					  LENGTH (WS-LENGTH)
  1601				     END-EXEC
  1632                               MOVE 'SM004' TO ERRMSG1O
  1633				  ELSE
  1634				     MOVE WS-INVALID-TIX-ACC TO ERRMSG1O
  1635				     MOVE DFHUNIMD TO
  1636					  DETL-SELECTA(WS-INDEX)
  1637				     MOVE -1 TO DETL-SELECTL(WS-INDEX)
  1638				  END-IF
  1639			       ELSE
  1640				  MOVE WS-INVALID-TIX-ACC TO ERRMSG1O
  1641				  MOVE DFHUNIMD TO DETL-SELECTA(WS-INDEX)
  1642				  MOVE -1 TO DETL-SELECTL(WS-INDEX)
  1643			       END-IF
  1644                    WHEN 'A'
  1645                         IF WS-STF01-STATUS = 'CREATED'
  1646				  IF WS-STF01-REQ = USERID
  1647				     MOVE LENGTH OF WS-COMMAREA
  1648					  TO WS-LENGTH
  1650				     EXEC CICS LINK
  1651                                    PROGRAM ('SM005')
  1652					  COMMAREA (WS-COMMAREA)
  1653					  LENGTH (WS-LENGTH)
  1654				     END-EXEC
  1685                               MOVE 'SM005' TO ERRMSG1O
  1686				  ELSE
  1687				     MOVE WS-INVALID-TIX-ACC TO ERRMSG1O
  1688				     MOVE DFHUNIMD TO
  1689					  DETL-SELECTA(WS-INDEX)
  1690				     MOVE -1 TO DETL-SELECTL(WS-INDEX)
  1691				  END-IF
  1692				ELSE
  1693				  MOVE WS-INVALID-TIX-ACC TO ERRMSG1O
  1694				  MOVE DFHUNIMD TO DETL-SELECTA(WS-INDEX)
  1695				  MOVE -1 TO DETL-SELECTL(WS-INDEX)  1696				END-IF
  1697                    WHEN 'X'
  1698			       IF WS-STF01-REQ = USERID
  1699				  MOVE LENGTH OF WS-COMMAREA
  1700				       TO WS-LENGTH
  1702				  EXEC CICS LINK
  1703                                 PROGRAM ('SM006')
  1704				       COMMAREA (WS-COMMAREA)
  1705				       LENGTH (WS-LENGTH)
  1706				  END-EXEC
  1737                            MOVE 'SM006' TO ERRMSG1O
  1738			       ELSE
  1739				  MOVE WS-INVALID-TIX-ACC TO ERRMSG1O
  1740				  MOVE DFHUNIMD TO DETL-SELECTA(WS-INDEX)
  1741				  MOVE -1	TO DETL-SELECTL(WS-INDEX)
  1742			       END-IF
  1743			  WHEN 0
  1744			       MOVE DFHUNIMD	 TO DETL-SELECTA(WS-INDEX)
  1745			       MOVE -1		 TO DETL-SELECTL(WS-INDEX)
  1746			       MOVE WS-FIELD-REQ TO ERRMSG1O
  1747			       PERFORM 600-MOVE-Q-TO-SCREEN
  1748			       PERFORM 111-CREATE-MAP
  1749			  WHEN OTHER
  1750			       MOVE DFHUNIMD TO DETL-SELECTA(WS-INDEX)
  1751			       MOVE -1	     TO DETL-SELECTL(WS-INDEX)
  1752			       MOVE WS-INVALID-VALUE TO ERRMSG1O
  1753			       PERFORM 600-MOVE-Q-TO-SCREEN
  1754			       PERFORM 111-CREATE-MAP
  1755			 END-EVALUATE
  1756		      ELSE
  1757			MOVE DFHUNIMD TO DETL-SELECTA(WS-INDEX)
  1758			MOVE -1       TO DETL-SELECTL(WS-INDEX)
  1759			MOVE WS-MULTIPLE-SELECT TO ERRMSG1O
  1760			PERFORM 600-MOVE-Q-TO-SCREEN
  1761			PERFORM 111-CREATE-MAP
  1762			IF WS-SELECT-COUNT < 1
  1763			   MOVE DFHUNIMD TO DETL-SELECTA(WS-INDEX)
  1764			   MOVE -1 TO DETL-SELECTL(WS-INDEX)
  1765			   MOVE WS-FIELD-REQ TO ERRMSG1O
  1766			   PERFORM 600-MOVE-Q-TO-SCREEN
  1767			   PERFORM 111-CREATE-MAP
  1768			END-IF
  1769		      END-IF
  1770		     END-IF
  1771		     ADD 1 TO WS-INDEX
  1772		  END-PERFORM.
  1773	      560-EXIT.
  1774		  EXIT.
  1775	      600-MOVE-Q-TO-SCREEN.
  1776		   MOVE PAGEO TO WS-PREV-PAGE
  1777		   MOVE WS-QITEM-PAGE TO WS-QITEM
  1779		   EXEC CICS READQ TS
  1780			     QUEUE(WS-QNAME)
  1781			     INTO (WS-STF-REC)
  1782			     LENGTH(WS-REC-LENGTH)
  1783			     ITEM (WS-QITEM)
  1784		    END-EXEC
  1819
  1820		   MOVE 1 TO WS-INDEX
  1821  1822		   PERFORM UNTIL WS-INDEX > 11
  1824		       IF EIBRESP = DFHRESP(NORMAL) AND
  1826		       IF EIBRESP =	    000     AND 		       R
  1827			  WS-QITEM <= WS-QITEM-END
  1828			  MOVE WS-TICKET-ID TO DETAILS-TIX-ID(WS-INDEX)
  1829			  MOVE WS-TICKET-REQ TO WS-STF-REQ2(WS-INDEX)
  1830			  MOVE WS-TICKET-STAT TO DETAILS-TIX-STAT(WS-INDEX)
  1831			  MOVE WS-TICKET-TITLE TO DETAILS-TIX-TITLE(WS-INDEX)
  1832			  MOVE WS-UPD-BY TO DETAILS-UPD-BY(WS-INDEX)
  1833			  MOVE WS-LAST-UPD TO DETAILS-LAST-UPD(WS-INDEX)
  1834			  ADD 1 TO WS-INDEX
  1835			  ADD 1 TO WS-QITEM
  1837			  EXEC CICS READQ TS
  1838			       QUEUE(WS-QNAME)
  1839			       INTO (WS-STF-REC)
  1840			       ITEM (WS-QITEM)
  1841			 END-EXEC
  1871		      ELSE
  1872			 MOVE SPACES TO DETL-DETAILI(WS-INDEX)
  1873			 MOVE WS-LAST-PAGE  TO ERRMSG1O
  1874                   MOVE '1' TO WS-LASTPAGE
  1875			 ADD 1 TO WS-INDEX
  1876		      END-IF
  1877		   END-PERFORM
  1878		   MOVE DETAILS-TIX-ID(1) TO WS-FUSER.
  1879
  1880	      600-EXIT.
  1881		  EXIT.
  1882
  1883	      900-MOVE-FILES-TO-Q.
  1884		  MOVE LOW-VALUES TO WS-KEYB.
  1885		  MOVE LENGTH OF WS-STF-REC TO WS-REC-LENGTH
  1887		   EXEC CICS
  1888                STARTBR FILE('STF001C')
  1889		      RIDFLD (WS-KEYB)
  1890		      GTEQ
  1891		   END-EXEC
  1918
  1920		   EXEC CICS
  1921                 READNEXT FILE('STF001C')
  1922		       INTO (WS-STF-REC)
  1923		       RIDFLD (WS-KEYB)
  1924		   END-EXEC
  1953
  1955		  EXEC CICS WRITEQ TS
  1956			    QUEUE(WS-QNAME)
  1957			    FROM (WS-STF-REC)
  1958			    LENGTH (WS-REC-LENGTH)
  1959			    ITEM (WS-QITEM)
  1960		  END-EXEC
  1995		  MOVE WS-QITEM TO WS-QITEM-START
  1996		  MOVE 1 TO WS-TOTAL-QITEM
  1998		  PERFORM UNTIL EIBRESP NOT = DFHRESP(NORMAL)
  2000		  PERFORM UNTIL EIBRESP NOT =	      000		       R
  2001		      MOVE WS-QITEM TO WS-QITEM-END
  2003		      EXEC CICS
  2004                     READNEXT FILE('STF001C')
  2005			   INTO (WS-STF-REC)
  2006			   RIDFLD (WS-KEYB)
  2007		      END-EXEC  2037		      IF EIBRESP = DFHRESP(NORMAL)
  2039		      IF EIBRESP =	   000				       R
  2041			 EXEC CICS WRITEQ TS
  2042			      QUEUE(WS-QNAME)
  2043			      FROM (WS-STF-REC)
  2044			      LENGTH (WS-REC-LENGTH)
  2045			      ITEM (WS-QITEM)
  2046			 END-EXEC
  2081			MOVE WS-T-ID TO WS-KEYB6
  2082			 MOVE HIGH-VALUES TO WS-KEYB1
  2083			 ADD 1 TO WS-TOTAL-QITEM
  2084		      END-IF
  2085		  END-PERFORM
  2086		      DIVIDE WS-TOTAL-QITEM BY 11 GIVING WS-MAX-PAGE
  2087		      ADD 1 TO WS-MAX-PAGE
  2089		  EXEC CICS
  2090                 ENDBR FILE('STF001C')
  2091		  END-EXEC
  2110		  MOVE WS-QITEM-START TO WS-QITEM-PAGE.
  2111
  2112	      900-EXIT.
  2113		  EXIT.CA-Realia COBOL Version 6.0.45	 D:\work\CAWB30-HO\SM001.cic	       PAGE   24



			Realia COBOL Compiler Version Information

			      Pass 1	 Version 6.072
			      Pass 1a	 Version 6.015
			      Pass 2	 Version 6.068
			      Pass 2a	 Version 6.020
			      Pass 3	 Version 6.094
			      Pass 4	 Version 6.007
			      Pass 5	 Version 6.022


			Compilation Directives in Effect

COMP-4		  DCHK		    OPT 	      NOCALL
NOSUBCHK	  STRCHK	    NOTRUNC	      NOSMALLCOMP
NODCALL 	  NODIVZERO	    NOEPDCALL	      APOST
EBCDIC		  STATABORT	    NOMOVELINK	      NOBLL4K
ARGCHK		  UPLOW 	    NOVERARG	      MDY
LP:   60	  PP		    FCREATE	      NOIEEE
NOLILIAN	  CURRENCY-SIGN=$   WRITEAFTER	      SOSI
NOCOPY68	  NOFLAG-COM	    NOFLAG-SEG	      NOFLAG-FIPS
DEBUGXREF	  DIALECT-VS2

			Error level limit: W

			Source lines compiled:	    2124
			Compilation time (mm:ss.ss):  0:00.75
			Compilation speed (lines/minute): 69920

			Compilation date (yy/mm/dd): 23/12/02
			     Time of day (hh:mm:ss): 16:16:30