     5	     *CBL XOPTS(COBOL2)
    20	      IDENTIFICATION DIVISION.
    21	      PROGRAM-ID. SM0001.
    22
    23	      ENVIRONMENT DIVISION.
    24	      CONFIGURATION SECTION.
    25	      SOURCE-COMPUTER.	  IBM-PC.
    26	      OBJECT-COMPUTER.	  IBM-PC.
    27	      DATA DIVISION.
    28	      FILE SECTION.
    29	      WORKING-STORAGE SECTION.
    75        01  WS-CURRENT-MAP  VALUE 'SW00S'         PIC X(7).
    76	      01  WS-LENGTH				PIC S9(4) COMP.
    77	      01  WS-COMMAREA.
    78		  05 WS-PROG-STATE			PIC X(15).
    79
    80	     *
    81		  COPY SM0000.
    83	     * SYMBOLIC MAP of SM0000 Created by CACXBMS Version 6.0.27
    84	      01  SM00MI.
    85		  02  FILLER				     PIC X(12).
    86		  02  OPTN01L				     PIC S9(4) COMP.
    87		  02  OPTN01F				     PIC X.
    88		  02  FILLER REDEFINES OPTN01F.
    89		      03  OPTN01A			     PIC X.
    90		  02  OPTN01I				     PIC X(017).
    91		  02  OPTN02L				     PIC S9(4) COMP.
    92		  02  OPTN02F				     PIC X.
    93		  02  FILLER REDEFINES OPTN02F.
    94		      03  OPTN02A			     PIC X.
    95		  02  OPTN02I				     PIC X(017).
    96		  02  OPTN03L				     PIC S9(4) COMP.
    97		  02  OPTN03F				     PIC X.
    98		  02  FILLER REDEFINES OPTN03F.
    99		      03  OPTN03A			     PIC X.
   100		  02  OPTN03I				     PIC X(017).
   101		  02  OPTN04L				     PIC S9(4) COMP.
   102		  02  OPTN04F				     PIC X.
   103		  02  FILLER REDEFINES OPTN04F.
   104		      03  OPTN04A			     PIC X.
   105		  02  OPTN04I				     PIC X(017).
   106		  02  OPTN05L				     PIC S9(4) COMP.
   107		  02  OPTN05F				     PIC X.
   108		  02  FILLER REDEFINES OPTN05F.
   109		      03  OPTN05A			     PIC X.
   110		  02  OPTN05I				     PIC X(018).
   111		  02  OPTN06L				     PIC S9(4) COMP.
   112		  02  OPTN06F				     PIC X.
   113		  02  FILLER REDEFINES OPTN06F.
   114		      03  OPTN06A			     PIC X.
   115		  02  OPTN06I				     PIC X(017).
   116		  02  OPTN07L				     PIC S9(4) COMP.
   117		  02  OPTN07F				     PIC X.
   118		  02  FILLER REDEFINES OPTN07F.
   119		      03  OPTN07A			     PIC X.
   120		  02  OPTN07I				     PIC X(020).
   121		  02  OPTIONL				     PIC S9(4) COMP.
   122		  02  OPTIONF				     PIC X.
   123		  02  FILLER REDEFINES OPTIONF.
   124		      03  OPTIONA			     PIC X.   125		  02  OPTIONI				     PIC X(001).
   126		  02  TICKETL				     PIC S9(4) COMP.
   127		  02  TICKETF				     PIC X.
   128		  02  FILLER REDEFINES TICKETF.
   129		      03  TICKETA			     PIC X.
   130		  02  TICKETI				     PIC X(001).
   131		  02  ERRMSGL				     PIC S9(4) COMP.
   132		  02  ERRMSGF				     PIC X.
   133		  02  FILLER REDEFINES ERRMSGF.
   134		      03  ERRMSGA			     PIC X.
   135		  02  ERRMSGI				     PIC X(071).
   136		  02  DATEL				     PIC S9(4) COMP.
   137		  02  DATEF				     PIC X.
   138		  02  FILLER REDEFINES DATEF.
   139		      03  DATEA 			     PIC X.
   140		  02  DATEI				     PIC X(010).
   141		  02  TIMEL				     PIC S9(4) COMP.
   142		  02  TIMEF				     PIC X.
   143		  02  FILLER REDEFINES TIMEF.
   144		      03  TIMEA 			     PIC X.
   145		  02  TIMEI				     PIC X(008).
   146	      01  SM00MO REDEFINES SM00MI.
   147		  02  FILLER				     PIC X(12).
   148		  02  FILLER				     PIC XX.
   149		  02  FILLER				     PIC X.
   150		  02  OPTN01O				     PIC X(017).
   151		  02  FILLER				     PIC XX.
   152		  02  FILLER				     PIC X.
   153		  02  OPTN02O				     PIC X(017).
   154		  02  FILLER				     PIC XX.
   155		  02  FILLER				     PIC X.
   156		  02  OPTN03O				     PIC X(017).
   157		  02  FILLER				     PIC XX.
   158		  02  FILLER				     PIC X.
   159		  02  OPTN04O				     PIC X(017).
   160		  02  FILLER				     PIC XX.
   161		  02  FILLER				     PIC X.
   162		  02  OPTN05O				     PIC X(018).
   163		  02  FILLER				     PIC XX.
   164		  02  FILLER				     PIC X.
   165		  02  OPTN06O				     PIC X(017).
   166		  02  FILLER				     PIC XX.
   167		  02  FILLER				     PIC X.
   168		  02  OPTN07O				     PIC X(020).
   169		  02  FILLER				     PIC XX.
   170		  02  FILLER				     PIC X.
   171		  02  OPTIONO				     PIC X(001).
   172		  02  FILLER				     PIC XX.
   173		  02  FILLER				     PIC X.
   174		  02  TICKETO				     PIC X(001).
   175		  02  FILLER				     PIC XX.
   176		  02  FILLER				     PIC X.
   177		  02  ERRMSGO				     PIC X(071).
   178		  02  FILLER				     PIC XX.
   179		  02  FILLER				     PIC X.
   180		  02  DATEO				     PIC X(010).
   181		  02  FILLER				     PIC XX.
   182		  02  FILLER				     PIC X.
   183		  02  TIMEO				     PIC X(008).
   185	     *   186		  COPY DFHBMSCA.
   188	      01  DFHBMSCA.
   189	     *
   190	     * CA-Realia CICS 6.0 Computer Associates International, Inc.
   191	     *
   192	     * Revision Information
   193	     * ^{File:dfhbmsca.cob}
   194	     * ^{Timestamp:Tue Oct 08 15:34:54 1996}
   195	     * ^{Revision:2.0}
   196	     *
   197	     *	Note:This FILE is provided with most values as quoted literals
   198	     *	     so that the file can be used for both ASCII and EBCDIC
   199	     *	     programs
   200	     *
   201	     *	     The only exceptions are some 3270 Data Stream Orders
   202	     *	     They use different Hexadecimal values for ASCII and
   203	     *	     EBCDIC and they cannot be expressed as quoted literals
   204	     *	     as the values are <Line Feed>, <Tab>, <End of File> etc.
   205	     *	     characters in ASCII
   206	     *
   207	     *	     They have their values set up to default to the EBCDIC
   208	     *	     values.
   209	     *
   210	     *	     3270 orders are only needed for EXEC CICS SEND and RECEIVE
   211	     *	     and SEND TEXT with imbedded format orders.
   212	     *	     If you use these values in ASCII programs the values
   213	     *	     must be changed.
   214	     *
   215	     *	     An alternative is to use REPLACING to change the values.
   216	     *
   217	     *	  i.e. COPY DFHBMSCA replacing
   218	     *			    ==005== BY ==009==	*> DFHPT
   219	     *			    ==021== BY ==010==	*> DFHNL
   220	     *			    ==040== BY ==021==	*> DFHSA
   221	     *			    ==041== BY ==031==	*> DFHSFE
   222	     *			    ==044== BY ==023==	*> DFHMF
   223	     *			    ==060== BY ==020==	*> DFHRA
   224	     *			    ==063== BY ==026==. *> DFHSUB
   225	     *
   226	     ******************************************************************
   227	     *BMS and Terminal Control - Order & Attributes constants	      *
   228	     ******************************************************************
   229	     *
   230	     *	  Field Attributes
   231	     *
   232            05  DFHBMASB                          PIC X VALUE '8'.
   233            05  DFHBMASF                          PIC X VALUE '1'.
   234            05  DFHBMASK                          PIC X VALUE '0'.
   235            05  DFHBMBRY                          PIC X VALUE 'H'.
   236            05  DFHBMDAR                          PIC X VALUE '<'.
   237            05  DFHBMFSE                          PIC X VALUE 'A'.
   238            05  DFHBMPRF                          PIC X VALUE '/'.
   239            05  DFHBMPRO                          PIC X VALUE '-'.
   240            05  DFHBMUNN                          PIC X VALUE '&'.
   241            05  DFHBMUNP                          PIC X VALUE ' '.
   242            05  DFHUNNUM                          PIC X VALUE 'J'.
   243	     *
   244	     *	  partially supported
   245	     *
   246            05  DFHUNNOD                          PIC X VALUE '('.   247            05  DFHUNIMD                          PIC X VALUE 'I'.
   248            05  DFHUNINT                          PIC X VALUE 'R'.
   249            05  DFHUNNON                          PIC X VALUE '('.
   250            05  DFHPROTI                          PIC X VALUE 'Y'.
   251            05  DFHPROTN                          PIC X VALUE '%'.
   252	     *
   253	     *	  These values are additions to mainframe constants
   254	     *
   255            05  DFHBMS-ASK-DARK                   PIC X VALUE '@'.
   256            05  DFHBMS-ASK-BRY-FSET               PIC X VALUE '9'.
   257            05  DFHBMS-ASK-DAR-FSET               PIC X VALUE ''''.
   258	     *						      VALUE APOST
   259            05  DFHBMS-PRO-BRY-FSET               PIC X VALUE 'Z'.
   260            05  DFHBMS-PRO-DAR-FSET               PIC X VALUE '_'.
   261            05  DFHBMS-NUM-BRY                    PIC X VALUE 'Q'.
   262            05  DFHBMS-NUM-DAR                    PIC X VALUE '*'.
   263            05  DFHBMS-NUM-DAR-FSET               PIC X VALUE ')'.
   264	     *
   265	     *	  Field Flag values
   266		  05  DFHBMEOF-VAL VALUE 128		PIC S9(4) COMP-4.
   267		  05  FILLER REDEFINES DFHBMEOF-VAL.
   268		      10  FILLER			PIC X.
   269		      10  DFHBMEOF			PIC X.
   270       *                                          x'80'.
   271		  05  DFHBMCUR-VAL VALUE 002		PIC S9(4) COMP-4.
   272		  05  FILLER REDEFINES DFHBMCUR-VAL.
   273		      10  FILLER			PIC X.
   274		      10  DFHBMCUR			PIC X.
   275       *                                          x'02'.
   276		  05  DFHBMMEC-VAL VALUE 130		PIC S9(4) COMP-4.
   277		  05  FILLER REDEFINES DFHBMMEC-VAL.
   278		      10  FILLER			PIC X.
   279		      10  DFHBMMEC			PIC X.
   280       *                                          x'82'.
   281       *                                          x'02'.
   282		  05  DFHBMFLG-VAL  VALUE 0		PIC S9(4) COMP-4.
   283		      88  DFHERASE			VALUES 128 130.
   284       *                                          x'80' X'82'
   285		      88  DFHCURSR			VALUES 002 130.
   286       *                                          x'02' X'82'
   287		  05  FILLER REDEFINES DFHBMFLG-VAL.
   288		      10  FILLER			PIC X.
   289		      10  DFHBMFLG			PIC X.
   290
   291		  05  DFHBMDUP-VAL VALUE 028		PIC S9(4) COMP-4.
   292		  05  FILLER REDEFINES DFHBMDUP-VAL.
   293		      10  FILLER			PIC X.
   294		      10  DFHBMDUP			PIC X.
   295       *                                              x'1C'
   296	     *
   297	     ******************************************************************
   298	     *	  supported 327X Extended Attributes
   299	     *
   300	     *	  Extended COLOR Attributes
   301	     *
   302            05  DFHDFCOL                          PIC X VALUE '0'.
   303            05  DFHBLUE                           PIC X VALUE '1'.
   304            05  DFHRED                            PIC X VALUE '2'.
   305            05  DFHPINK                           PIC X VALUE '3'.
   306            05  DFHGREEN                          PIC X VALUE '4'.   307            05  DFHTURQ                           PIC X VALUE '5'.
   308            05  DFHYELLO                          PIC X VALUE '6'.
   309            05  DFHNEUTR                          PIC X VALUE '7'.
   310	     *
   311	     *	  Extended HILIGHT Attributes
   312	     *
   313            05  DFHDFHI                           PIC X VALUE '0'.
   314            05  DFHBLINK                          PIC X VALUE '1'.
   315            05  DFHREVRS                          PIC X VALUE '2'.
   316            05  DFHUNDLN                          PIC X VALUE '4'.
   317	     *
   318	     ******************************************************************
   319	     *	  supported 327X Data Stream Orders
   320	     *
   321		  05  DFHSBA-VAL VALUE 017		 PIC S9(4) COMP-4.
   322		  05  FILLER REDEFINES DFHSBA-VAL.
   323		      10  FILLER			PIC X.
   324		      10  DFHSBA			PIC X.
   325       *                                              x'11'
   326		  05  DFHEUA-VAL VALUE 018		PIC S9(4) COMP-4.
   327		  05  FILLER REDEFINES DFHEUA-VAL.
   328		      10  FILLER			PIC X.
   329		      10  DFHEUA			PIC X.
   330       *                                              x'12'
   331		  05  DFHIC-VAL VALUE 019		PIC S9(4) COMP-4.
   332		  05  FILLER REDEFINES DFHIC-VAL.
   333		      10  FILLER			PIC X.
   334		      10  DFHIC 			PIC X.
   335       *                                              X'13'.
   336		  05  DFHSF-VAL VALUE 029		PIC S9(4) COMP-4.
   337		  05  FILLER REDEFINES DFHSF-VAL.
   338		      10  FILLER			PIC X.
   339		      10  DFHSF 			PIC X.
   340       *                                              X'1D'.
   341		  05  DFHPT-VAL VALUE 005		PIC S9(4) COMP-4.
   342		      88 DFHPT-VAL-EBCDIC		VALUE 5.
   343		      88 DFHPT-VAL-ASCII		VALUE 9.
   344		  05  FILLER REDEFINES DFHPT-VAL.
   345		      10  FILLER			PIC X.
   346		      10  DFHPT 			PIC X.
   347       *                                              EBCDIC X'05'.
   348       *                                              ASCII  X'09'.
   349		  05  DFHRA-VAL VALUE 060		PIC S9(4) COMP-4.
   350		      88 DFHRA-VAL-EBCDIC		VALUE 60.
   351		      88 DFHRA-VAL-ASCII		VALUE 20.
   352		  05  FILLER REDEFINES DFHRA-VAL.
   353		      10  FILLER			PIC X.
   354		      10  DFHRA 			PIC X.
   355       *                                              EBCDIC x'3C'
   356       *                                              ASCII  x'14'
   357		  05  DFHSFE-VAL VALUE 041		PIC S9(4) COMP-4.
   358		      88 DFHSFE-VAL-EBCDIC		VALUE 41.
   359		      88 DFHSFE-VAL-ASCII		VALUE 31.
   360		  05  FILLER REDEFINES DFHSFE-VAL.
   361		      10  FILLER			PIC X.
   362		      10  DFHSFE			PIC X.
   363       *                                              EBCDIC x'29'
   364       *                                              ASCII  x'1F'
   365		  05  DFHMF-VAL VALUE 044		PIC S9(4) COMP-4.
   366		      88 DFHMF-VAL-EBCDIC		VALUE 44.   367		      88 DFHMF-VAL-ASCII		VALUE 23.
   368		  05  FILLER REDEFINES DFHMF-VAL.
   369		      10  FILLER			PIC X.
   370		      10  DFHMF 			PIC X.
   371       *                                              EBCDIC x'2C'
   372       *                                              ASCII  x'17'
   373	     *
   374	     ******************************************************************
   375	     *	  unsupported 327X Data Stream order codes
   376	     *
   377		  05  DFHSA-VAL VALUE 040		PIC S9(4) COMP-4.
   378		      88 DFHSA-VAL-EBCDIC		VALUE 40.
   379		      88 DFHSA-VAL-ASCII		VALUE 21.
   380		  05  FILLER REDEFINES DFHSA-VAL.
   381		      10  FILLER			PIC X.
   382		      10  DFHSA 			PIC X.
   383       *                                              EBCDIC x'28'
   384       *                                              ASCII  x'15'
   385		  05  DFHGE-VAL VALUE 008		PIC S9(4) COMP-4.
   386		  05  FILLER REDEFINES DFHGE-VAL.
   387		      10  FILLER			PIC X.
   388		      10  DFHGE 			PIC X.
   389       *                                              X'08'.
   390	     *
   391	     ******************************************************************
   392	     *	  SFE and MF supported attribute types
   393	     *
   394            05  DFHCOLOR                          PIC X VALUE 'ƒ'.
   395       *                                              EBCDIC x'42'
   396       *                                              ASCII  x'83'
   397            05  DFHHLT                            PIC X VALUE 'Ö'.
   398       *                                              EBCDIC x'41'
   399       *                                              ASCII  x'D6'
   400            05  DFH3270                           PIC X VALUE '{'.
   401	     *
   402	     *	  supported for SEND TEXT command and printer terminal
   403	     *
   404		  05  DFHBMPNL-VAL VALUE 021		PIC S9(4) COMP-4.
   405		      88 DFHBMPNL-VAL-EBCDIC		VALUE 21.
   406		      88 DFHBMPNL-VAL-ASCII		VALUE 10.
   407		  05  FILLER REDEFINES DFHBMPNL-VAL.
   408		      10  FILLER			PIC X.
   409		      10  DFHBMPNL			PIC X.
   410       *                                              EBCDIC X'15'.
   411       *                                              ASCII  X'0A'.
   412	     *
   413	     ******************************************************************
   414	     *	  Printer terminal data stream only
   415	     *
   416		  05  DFHBMPFF-VAL VALUE 012		PIC S9(4) COMP-4.
   417		  05  FILLER REDEFINES DFHBMPFF-VAL.
   418		      10  FILLER			PIC X.
   419		      10  DFHBMPFF			PIC X.
   420       *                                              X'0C'.
   421		  05  DFHBMPCR-VAL VALUE 013		PIC S9(4) COMP-4.
   422		  05  FILLER REDEFINES DFHBMPCR-VAL.
   423		      10  FILLER			PIC X.
   424		      10  DFHBMPCR			PIC X.
   425       *                                              X'0D'.
   426		  05  DFHBMPEM-VAL VALUE 025		PIC S9(4) COMP-4.   427		  05  FILLER REDEFINES DFHBMPEM-VAL.
   428		      10  FILLER			PIC X.
   429		      10  DFHBMPEM			PIC X.
   430       *                                              X'19'.
   431	     *
   432	     ******************************************************************
   433	     *	  unsupported Miscellaneous attributes and constants
   434	     *
   435		  05  DFHALL				PIC X VALUE LOW-VALUES.
   436            05  DFHBASE                           PIC X VALUE '0'.
   437		  05  DFHBMDET				PIC X VALUE LOW-VALUES.
   438		  05  DFHBMPSOSI-VAL VALUE 3599 	PIC S9(4) COMP-4.
   439		  05  FILLER REDEFINES DFHBMPSOSI-VAL.
   440		      10  DFHBMPSO			PIC X.
   441       *                                              X'0E'.
   442		      10  DFHBMPSI			PIC X.
   443       *                                              X'0F'.
   444		  05  DFHDFT VALUE HIGH-VALUES		PIC X.
   445            05  DFHERROR                          PIC X VALUE '¶'.
   446       *                                              EBCDIC X'1A'.
   447       *                                              ASCII  X'B6'.
   448            05  DFHFIL                            PIC X VALUE '4'.
   449            05  DFHMENT                           PIC X VALUE '2'.
   450            05  DFHMET                            PIC X VALUE '3'.
   451            05  DFHMFE                            PIC X VALUE '6'.
   452            05  DFHMFET                           PIC X VALUE '7'.
   453            05  DFHMFT                            PIC X VALUE '5'.
   454            05  DFHMT                             PIC X VALUE '1'.
   455            05  DFHOUTLN                          PIC X VALUE 'B'.
   456            05  DFHPS                             PIC X VALUE '„'.
   457       *                                              EBCDIC x'43'
   458       *                                              ASCII  x'84'
   459            05  DFHVAL                            PIC X VALUE 'A'.
   460	     *
   461		  05  DFHSUB-VAL   VALUE 063		PIC S9(4) COMP-4.
   462		      88 DFHSUB-VAL-EBCDIC		VALUE 63.
   463		      88 DFHSUB-VAL-ASCII		VALUE 26.
   464		  05  FILLER REDEFINES DFHSUB-VAL.
   465		      10  FILLER			PIC X.
   466		      10  DFHSUB			PIC X.
   467       *                                              EBCDIC X'3F'.
   468       *                                              ASCII  X'1A'.
   469	     *
   470		  05  DFHFM-VAL    VALUE 030		PIC S9(4) COMP-4.
   471		  05  FILLER REDEFINES DFHFM-VAL.
   472		      10  FILLER			PIC X.
   473		      10  DFHFM 			PIC X.
   474       *                                              EBCDIC X'1E'.
   475		  05  DFHEO VALUE HIGH-VALUE		PIC X.
   477
   478	      LINKAGE SECTION.
   480	      01  DFHEIBLK.						       R
   481		  05 EIBTIME  PIC S9(7) COMP-3. 			       R
   482		  05 EIBDATE  PIC S9(7) COMP-3. 			       R
   483		  05 EIBTRNID PIC X(4). 				       R
   484		  05 EIBTASKN PIC S9(7) COMP-3. 			       R
   485		  05 EIBTRMID PIC X(4). 				       R
   486		  05 DFHEIGDI PIC S9(4) COMP-4. 			       R
   487		  05 EIBCPOSN PIC S9(4) COMP-4. 			       R
   488		  05 EIBCALEN PIC S9(4) COMP-4. 			       R   489		  05 EIBAID   PIC X.					       R
   490		  05 EIBFN    PIC X(2). 				       R
   491		  05 EIBRCODE PIC X(6). 				       R
   492		  05 EIBDS    PIC X(8). 				       R
   493		  05 EIBREQID PIC X(8). 				       R
   494		  05 EIBRSRCE PIC X(8). 				       R
   495		  05 EIBSYNC  PIC X.					       R
   496		  05 EIBFREE  PIC X.					       R
   497		  05 EIBRECV  PIC X.					       R
   498		  05 EIBSEND  PIC X.					       R
   499		  05 EIBATT   PIC X.					       R
   500		  05 EIBEOC   PIC X.					       R
   501		  05 EIBFMH   PIC X.					       R
   502		  05 EIBCOMPL PIC X.					       R
   503		  05 EIBSIG   PIC X.					       R
   504		  05 EIBCONF  PIC X.					       R
   505		  05 EIBERR   PIC X.					       R
   506		  05 EIBERRCD PIC X(4). 				       R
   507		  05 EIBSYNRB PIC X.					       R
   508		  05 EIBNODAT PIC X.					       R
   509		  05 EIBRESP  PIC S9(8) COMP-4. 			       R
   510		  05 EIBRESP2 PIC S9(8) COMP-4. 			       R
   511		  05 EIBRLDBK PIC X.					       R
   512		  05 EIBCARESERVED PIC X(32).				       R
   514	      01  DFHCOMMAREA				PIC X(15).
   515
   516
   517	      PROCEDURE DIVISION					       R
   519		  USING DFHEIBLK DFHCOMMAREA.				       R
   544	      100-MAIN.
   545            MOVE 'SM0003 CALLED' TO DFHCOMMAREA
   547		  EXEC CICS
   548		   RETURN
   549		  END-EXEC.
   563
   564	      100-EXIT.
   565		  EXIT.CA-Realia COBOL Version 6.0.45	 D:\work-bpi\CAWB30-HO\SM0003.cic      PAGE    9



			Realia COBOL Compiler Version Information

			      Pass 1	 Version 6.072
			      Pass 1a	 Version 6.015
			      Pass 2	 Version 6.068
			      Pass 2a	 Version 6.020
			      Pass 3	 Version 6.094
			      Pass 4	 Version 6.007
			      Pass 5	 Version 6.022


			Compilation Directives in Effect

COMP-4		  DCHK		    OPT 	      NOCALL
NOSUBCHK	  STRCHK	    NOTRUNC	      NOSMALLCOMP
NODCALL 	  NODIVZERO	    NOEPDCALL	      APOST
EBCDIC		  STATABORT	    NOMOVELINK	      NOBLL4K
ARGCHK		  UPLOW 	    NOVERARG	      MDY
LP:   60	  PP		    FCREATE	      NOIEEE
NOLILIAN	  CURRENCY-SIGN=$   WRITEAFTER	      SOSI
NOCOPY68	  NOFLAG-COM	    NOFLAG-SEG	      NOFLAG-FIPS
DEBUGXREF	  DIALECT-VS2

			Error level limit: W

			Source lines compiled:	     576
			Compilation time (mm:ss.ss):  0:00.69
			Compilation speed (lines/minute): 50086

			Compilation date (yy/mm/dd): 23/11/09
			     Time of day (hh:mm:ss): 18:47:14